2025-09-05 12:16:51.710 [info] [main] Log level: Info
2025-09-05 12:16:51.710 [info] [main] Validating found git in: "git"
2025-09-05 12:16:51.710 [info] [main] Using git "2.51.0" from "git"
2025-09-05 12:16:51.710 [info] [Model][doInitialScan] Initial repository scan started
2025-09-05 12:16:51.710 [info] > git rev-parse --show-toplevel [12ms]
2025-09-05 12:16:51.710 [info] > git rev-parse --git-dir --git-common-dir [9ms]
2025-09-05 12:16:51.710 [info] [Model][openRepository] Opened repository: /home/codebash/CascadeProjects/PlantApp
2025-09-05 12:16:51.718 [info] > git rev-parse --show-toplevel [47ms]
2025-09-05 12:16:51.719 [info] > git config --get commit.template [56ms]
2025-09-05 12:16:51.747 [info] > git rev-parse --show-toplevel [17ms]
2025-09-05 12:16:51.754 [info] > git for-each-ref --format=%(refname)%00%(upstream:short)%00%(objectname)%00%(upstream:track)%00%(upstream:remotename)%00%(upstream:remoteref) refs/heads/main refs/remotes/main [14ms]
2025-09-05 12:16:51.765 [info] > git rev-parse --show-toplevel [12ms]
2025-09-05 12:16:51.844 [info] > git rev-parse --show-toplevel [72ms]
2025-09-05 12:16:51.847 [info] [Model][doInitialScan] Initial repository scan completed - repositories (1), closed repositories (0), parent repositories (0), unsafe repositories (0)
2025-09-05 12:16:51.871 [info] > git for-each-ref --sort -committerdate --format %(refname)%00%(objectname)%00%(*objectname) [34ms]
2025-09-05 12:16:51.880 [info] > git show --textconv :src/components/PlantCard.js [22ms]
2025-09-05 12:16:51.880 [info] > git ls-files --stage -- src/components/PlantCard.js [10ms]
2025-09-05 12:16:51.892 [info] > git cat-file -s 216f95446d1656ada9d1e8400cccd1d08b94b7bf [3ms]
2025-09-05 12:16:52.009 [info] > git blame --root --incremental f8c4ae1da9959026a58b30e72e98361dee35aa0a -- src/components/PlantCard.js [16ms]
2025-09-05 12:16:52.028 [info] > git status -z -uall [199ms]
2025-09-05 12:16:52.051 [info] > git for-each-ref --format=%(refname)%00%(upstream:short)%00%(objectname)%00%(upstream:track)%00%(upstream:remotename)%00%(upstream:remoteref) refs/heads/main refs/remotes/main [9ms]
2025-09-05 12:16:52.060 [info] > git config --get --local branch.main.vscode-merge-base [2ms]
2025-09-05 12:16:52.066 [info] > git config --get commit.template [15ms]
2025-09-05 12:16:52.069 [info] > git for-each-ref --format=%(refname)%00%(upstream:short)%00%(objectname)%00%(upstream:track)%00%(upstream:remotename)%00%(upstream:remoteref) refs/heads/origin/main refs/remotes/origin/main [3ms]
2025-09-05 12:16:52.081 [info] > git for-each-ref --format=%(refname)%00%(upstream:short)%00%(objectname)%00%(upstream:track)%00%(upstream:remotename)%00%(upstream:remoteref) refs/heads/main refs/remotes/main [1ms]
2025-09-05 12:16:52.081 [info] > git merge-base refs/heads/main refs/remotes/origin/main [6ms]
2025-09-05 12:16:52.103 [info] > git diff --name-status -z --diff-filter=ADMR f8c4ae1da9959026a58b30e72e98361dee35aa0a...refs/remotes/origin/main [15ms]
2025-09-05 12:16:52.109 [info] > git for-each-ref --sort -committerdate --format %(refname)%00%(objectname)%00%(*objectname) [7ms]
2025-09-05 12:16:52.194 [info] > git status -z -uall [101ms]
2025-09-05 12:16:52.204 [info] > git check-ignore -v -z --stdin [39ms]
