2025-08-17 14:23:02.204 [info] [main] Log level: Info
2025-08-17 14:23:02.204 [info] [main] Validating found git in: "git"
2025-08-17 14:23:02.204 [info] [main] Using git "2.50.1" from "git"
2025-08-17 14:23:02.204 [info] [Model][doInitialScan] Initial repository scan started
2025-08-17 14:23:02.204 [info] > git rev-parse --show-toplevel [315ms]
2025-08-17 14:23:02.204 [info] fatal: not a git repository (or any of the parent directories): .git
2025-08-17 14:23:02.204 [info] [Model][doInitialScan] Initial repository scan completed - repositories (0), closed repositories (0), parent repositories (0), unsafe repositories (0)
2025-08-17 14:23:02.984 [info] > git rev-parse --show-toplevel [0ms]
2025-08-17 14:23:02.985 [info] fatal: not a git repository (or any of the parent directories): .git
2025-08-17 14:23:03.140 [info] > git rev-parse --show-toplevel [1ms]
2025-08-17 14:23:03.140 [info] fatal: not a git repository (or any of the parent directories): .git
2025-08-17 14:23:04.462 [info] > git rev-parse --show-toplevel [2ms]
2025-08-17 14:23:04.462 [info] fatal: not a git repository (or any of the parent directories): .git
2025-08-17 14:23:34.237 [info] > git rev-parse --show-toplevel [2ms]
2025-08-17 14:23:34.237 [info] fatal: not a git repository (or any of the parent directories): .git
2025-08-17 14:23:41.407 [info] > git rev-parse --show-toplevel [0ms]
2025-08-17 14:23:41.407 [info] fatal: not a git repository (or any of the parent directories): .git
2025-08-17 14:23:59.281 [info] > git rev-parse --show-toplevel [18ms]
2025-08-17 14:23:59.282 [info] fatal: not a git repository (or any of the parent directories): .git
2025-08-17 14:24:37.324 [info] > git rev-parse --show-toplevel [2ms]
2025-08-17 14:24:37.324 [info] fatal: not a git repository (or any of the parent directories): .git
2025-08-17 14:25:27.565 [info] > git rev-parse --show-toplevel [2ms]
2025-08-17 14:25:27.565 [info] fatal: not a git repository (or any of the parent directories): .git
2025-08-17 14:26:04.722 [info] > git rev-parse --show-toplevel [3ms]
2025-08-17 14:26:04.722 [info] fatal: not a git repository (or any of the parent directories): .git
2025-08-17 14:26:23.094 [info] > git rev-parse --show-toplevel [1ms]
2025-08-17 14:26:23.095 [info] fatal: not a git repository (or any of the parent directories): .git
