2025-08-15 08:16:19.197 [info] [main] Log level: Info
2025-08-15 08:16:19.197 [info] [main] Validating found git in: "git"
2025-08-15 08:16:19.197 [info] [main] Using git "2.50.1" from "git"
2025-08-15 08:16:19.197 [info] [Model][doInitialScan] Initial repository scan started
2025-08-15 08:16:19.197 [info] > git rev-parse --show-toplevel [241ms]
2025-08-15 08:16:19.197 [info] > git rev-parse --git-dir --git-common-dir [24ms]
2025-08-15 08:16:19.197 [info] [Model][openRepository] Opened repository: /home/codebash/CascadeProjects/PlantApp
2025-08-15 08:16:19.197 [info] > git rev-parse --show-toplevel [50ms]
2025-08-15 08:16:19.197 [info] > git config --get commit.template [56ms]
2025-08-15 08:16:19.229 [info] > git rev-parse --show-toplevel [24ms]
2025-08-15 08:16:19.238 [info] > git rev-parse --show-toplevel [2ms]
2025-08-15 08:16:19.238 [info] > git for-each-ref --format=%(refname)%00%(upstream:short)%00%(objectname)%00%(upstream:track)%00%(upstream:remotename)%00%(upstream:remoteref) refs/heads/main refs/remotes/main [10ms]
2025-08-15 08:16:19.261 [info] > git rev-parse --show-toplevel [13ms]
2025-08-15 08:16:19.264 [info] [Model][doInitialScan] Initial repository scan completed - repositories (1), closed repositories (0), parent repositories (0), unsafe repositories (0)
2025-08-15 08:16:19.289 [info] > git for-each-ref --sort -committerdate --format %(refname)%00%(objectname)%00%(*objectname) [4ms]
2025-08-15 08:16:19.454 [info] > git show --textconv :src/components/PlantCard.js [11ms]
2025-08-15 08:16:19.459 [info] > git ls-files --stage -- src/components/PlantCard.js [6ms]
2025-08-15 08:16:19.484 [info] > git status -z -uall [208ms]
2025-08-15 08:16:19.515 [info] > git cat-file -s 75d90b77589ccdd3a24e8ef609eba0e835ba2131 [49ms]
2025-08-15 08:16:19.532 [info] > git for-each-ref --format=%(refname)%00%(upstream:short)%00%(objectname)%00%(upstream:track)%00%(upstream:remotename)%00%(upstream:remoteref) refs/heads/main refs/remotes/main [20ms]
2025-08-15 08:16:19.544 [info] > git config --get --local branch.main.vscode-merge-base [5ms]
2025-08-15 08:16:19.544 [warning] [Git][config] git config failed: Failed to execute git
2025-08-15 08:16:19.550 [info] > git config --get commit.template [21ms]
2025-08-15 08:16:19.561 [info] > git for-each-ref --format=%(refname)%00%(upstream:short)%00%(objectname)%00%(upstream:track)%00%(upstream:remotename)%00%(upstream:remoteref) refs/heads/main refs/remotes/main [1ms]
2025-08-15 08:16:19.562 [info] > git reflog main --grep-reflog=branch: Created from *. [12ms]
2025-08-15 08:16:19.599 [info] > git for-each-ref --sort -committerdate --format %(refname)%00%(objectname)%00%(*objectname) [12ms]
2025-08-15 08:16:19.600 [info] > git symbolic-ref --short refs/remotes/origin/HEAD [34ms]
2025-08-15 08:16:19.600 [info] fatal: ref refs/remotes/origin/HEAD is not a symbolic ref
2025-08-15 08:16:19.600 [warning] [Repository][getDefaultBranch] Failed to get default branch details: Failed to execute git.
2025-08-15 08:16:19.611 [info] > git merge-base refs/heads/main refs/remotes/origin/main [1ms]
2025-08-15 08:16:19.620 [info] > git diff --name-status -z --diff-filter=ADMR 4ed8ee368d28f43f8266650ab7ac232bae11a4a6...refs/remotes/origin/main [2ms]
2025-08-15 08:16:19.624 [info] > git check-ignore -v -z --stdin [28ms]
2025-08-15 08:16:19.672 [info] > git status -z -uall [96ms]
2025-08-15 08:16:23.164 [info] > git config --get --local branch.main.github-pr-owner-number [1ms]
2025-08-15 08:16:23.164 [warning] [Git][config] git config failed: Failed to execute git
2025-08-15 08:37:26.230 [info] > git config --get commit.template [6ms]
2025-08-15 08:37:26.231 [info] > git for-each-ref --format=%(refname)%00%(upstream:short)%00%(objectname)%00%(upstream:track)%00%(upstream:remotename)%00%(upstream:remoteref) refs/heads/main refs/remotes/main [2ms]
2025-08-15 08:37:26.248 [info] > git for-each-ref --sort -committerdate --format %(refname)%00%(objectname)%00%(*objectname) [2ms]
2025-08-15 08:37:26.304 [info] > git status -z -uall [68ms]
2025-08-15 08:37:31.322 [info] > git config --get commit.template [6ms]
2025-08-15 08:37:31.322 [info] > git for-each-ref --format=%(refname)%00%(upstream:short)%00%(objectname)%00%(upstream:track)%00%(upstream:remotename)%00%(upstream:remoteref) refs/heads/main refs/remotes/main [0ms]
2025-08-15 08:37:31.337 [info] > git for-each-ref --sort -committerdate --format %(refname)%00%(objectname)%00%(*objectname) [2ms]
2025-08-15 08:37:31.380 [info] > git status -z -uall [53ms]
2025-08-15 08:45:48.930 [info] > git config --get commit.template [5ms]
2025-08-15 08:45:48.930 [info] > git for-each-ref --format=%(refname)%00%(upstream:short)%00%(objectname)%00%(upstream:track)%00%(upstream:remotename)%00%(upstream:remoteref) refs/heads/main refs/remotes/main [1ms]
2025-08-15 08:45:48.946 [info] > git for-each-ref --sort -committerdate --format %(refname)%00%(objectname)%00%(*objectname) [1ms]
2025-08-15 08:45:48.987 [info] > git status -z -uall [52ms]
2025-08-15 08:47:06.217 [info] > git config --get commit.template [1ms]
2025-08-15 08:47:06.233 [info] > git for-each-ref --format=%(refname)%00%(upstream:short)%00%(objectname)%00%(upstream:track)%00%(upstream:remotename)%00%(upstream:remoteref) refs/heads/main refs/remotes/main [3ms]
2025-08-15 08:47:06.282 [info] > git for-each-ref --sort -committerdate --format %(refname)%00%(objectname)%00%(*objectname) [22ms]
2025-08-15 08:47:06.287 [info] > git ls-files --stage -- src/components/PlantCard.js [6ms]
2025-08-15 08:47:06.295 [info] > git cat-file -s 216f95446d1656ada9d1e8400cccd1d08b94b7bf [1ms]
2025-08-15 08:47:06.321 [info] > git show --textconv :src/components/PlantCard.js [3ms]
2025-08-15 08:47:06.335 [info] > git status -z -uall [91ms]
2025-08-15 08:47:06.347 [info] > git merge-base refs/heads/main refs/remotes/origin/main [1ms]
2025-08-15 08:47:06.362 [info] > git diff --name-status -z --diff-filter=ADMR ecad79ea1df6adac25ca40243052fb982995fd89...refs/remotes/origin/main [8ms]
2025-08-15 08:47:06.363 [info] > git config --get --local branch.main.github-pr-owner-number [1ms]
2025-08-15 08:47:06.363 [warning] [Git][config] git config failed: Failed to execute git
2025-08-15 08:47:11.357 [info] > git config --get commit.template [5ms]
2025-08-15 08:47:11.358 [info] > git for-each-ref --format=%(refname)%00%(upstream:short)%00%(objectname)%00%(upstream:track)%00%(upstream:remotename)%00%(upstream:remoteref) refs/heads/main refs/remotes/main [1ms]
2025-08-15 08:47:11.375 [info] > git for-each-ref --sort -committerdate --format %(refname)%00%(objectname)%00%(*objectname) [2ms]
2025-08-15 08:47:11.415 [info] > git status -z -uall [51ms]
2025-08-15 08:49:33.463 [info] > git config --get commit.template [1ms]
2025-08-15 08:49:33.481 [info] > git for-each-ref --format=%(refname)%00%(upstream:short)%00%(objectname)%00%(upstream:track)%00%(upstream:remotename)%00%(upstream:remoteref) refs/heads/main refs/remotes/main [3ms]
2025-08-15 08:49:33.515 [info] > git for-each-ref --sort -committerdate --format %(refname)%00%(objectname)%00%(*objectname) [6ms]
2025-08-15 08:49:33.590 [info] > git status -z -uall [99ms]
2025-08-15 08:50:42.315 [info] > git config --get commit.template [9ms]
2025-08-15 08:50:42.315 [info] > git for-each-ref --format=%(refname)%00%(upstream:short)%00%(objectname)%00%(upstream:track)%00%(upstream:remotename)%00%(upstream:remoteref) refs/heads/main refs/remotes/main [1ms]
2025-08-15 08:50:42.335 [info] > git for-each-ref --sort -committerdate --format %(refname)%00%(objectname)%00%(*objectname) [2ms]
2025-08-15 08:50:42.379 [info] > git status -z -uall [57ms]
