2025-09-05 12:17:09.958 [info] [main] Log level: Info
2025-09-05 12:17:09.958 [info] [main] Validating found git in: "git"
2025-09-05 12:17:09.958 [info] [main] Using git "2.51.0" from "git"
2025-09-05 12:17:09.958 [info] [Model][doInitialScan] Initial repository scan started
2025-09-05 12:17:09.958 [info] > git rev-parse --show-toplevel [69ms]
2025-09-05 12:17:09.958 [info] > git rev-parse --git-dir --git-common-dir [203ms]
2025-09-05 12:17:09.958 [info] [Model][openRepository] Opened repository: /home/codebash/CascadeProjects/PlantApp
2025-09-05 12:17:09.973 [info] > git rev-parse --show-toplevel [50ms]
2025-09-05 12:17:09.975 [info] > git config --get commit.template [64ms]
2025-09-05 12:17:10.022 [info] > git rev-parse --show-toplevel [24ms]
2025-09-05 12:17:10.068 [info] > git for-each-ref --format=%(refname)%00%(upstream:short)%00%(objectname)%00%(upstream:track)%00%(upstream:remotename)%00%(upstream:remoteref) refs/heads/main refs/remotes/main [53ms]
2025-09-05 12:17:10.075 [info] > git rev-parse --show-toplevel [8ms]
2025-09-05 12:17:10.197 [info] > git rev-parse --show-toplevel [15ms]
2025-09-05 12:17:10.208 [info] [Model][doInitialScan] Initial repository scan completed - repositories (1), closed repositories (0), parent repositories (0), unsafe repositories (0)
2025-09-05 12:17:10.307 [info] > git for-each-ref --sort -committerdate --format %(refname)%00%(objectname)%00%(*objectname) [7ms]
2025-09-05 12:17:10.412 [info] > git show --textconv :src/components/PlantCard.js [29ms]
2025-09-05 12:17:10.467 [info] > git ls-files --stage -- src/components/PlantCard.js [56ms]
2025-09-05 12:17:10.490 [info] > git cat-file -s 216f95446d1656ada9d1e8400cccd1d08b94b7bf [6ms]
2025-09-05 12:17:10.577 [info] > git status -z -uall [312ms]
2025-09-05 12:17:10.673 [info] > git for-each-ref --format=%(refname)%00%(upstream:short)%00%(objectname)%00%(upstream:track)%00%(upstream:remotename)%00%(upstream:remoteref) refs/heads/main refs/remotes/main [28ms]
2025-09-05 12:17:10.799 [info] > git config --get --local branch.main.vscode-merge-base [106ms]
2025-09-05 12:17:10.814 [info] > git config --get commit.template [141ms]
2025-09-05 12:17:10.842 [info] > git for-each-ref --format=%(refname)%00%(upstream:short)%00%(objectname)%00%(upstream:track)%00%(upstream:remotename)%00%(upstream:remoteref) refs/heads/origin/main refs/remotes/origin/main [29ms]
2025-09-05 12:17:10.874 [info] > git merge-base refs/heads/main refs/remotes/origin/main [16ms]
2025-09-05 12:17:10.890 [info] > git for-each-ref --format=%(refname)%00%(upstream:short)%00%(objectname)%00%(upstream:track)%00%(upstream:remotename)%00%(upstream:remoteref) refs/heads/main refs/remotes/main [17ms]
2025-09-05 12:17:10.917 [info] > git check-ignore -v -z --stdin [89ms]
2025-09-05 12:17:10.920 [info] > git diff --name-status -z --diff-filter=ADMR f8c4ae1da9959026a58b30e72e98361dee35aa0a...refs/remotes/origin/main [32ms]
2025-09-05 12:17:10.972 [info] > git blame --root --incremental f8c4ae1da9959026a58b30e72e98361dee35aa0a -- src/components/PlantCard.js [60ms]
2025-09-05 12:17:11.017 [info] > git for-each-ref --sort -committerdate --format %(refname)%00%(objectname)%00%(*objectname) [61ms]
2025-09-05 12:17:11.131 [info] > git status -z -uall [194ms]
2025-09-05 12:17:18.312 [info] > git config --get --local branch.main.github-pr-owner-number [42ms]
2025-09-05 12:17:18.313 [warning] [Git][config] git config failed: Failed to execute git
2025-09-05 12:25:54.959 [info] > git config --get commit.template [21ms]
2025-09-05 12:25:54.960 [info] > git for-each-ref --format=%(refname)%00%(upstream:short)%00%(objectname)%00%(upstream:track)%00%(upstream:remotename)%00%(upstream:remoteref) refs/heads/main refs/remotes/main [4ms]
2025-09-05 12:25:55.000 [info] > git for-each-ref --sort -committerdate --format %(refname)%00%(objectname)%00%(*objectname) [5ms]
2025-09-05 12:25:55.054 [info] > git ls-files --stage -- src/components/PlantCard.js [14ms]
2025-09-05 12:25:55.079 [info] > git cat-file -s 216f95446d1656ada9d1e8400cccd1d08b94b7bf [3ms]
2025-09-05 12:25:55.120 [info] > git show --textconv :src/components/PlantCard.js [16ms]
2025-09-05 12:25:55.177 [info] > git status -z -uall [205ms]
2025-09-05 12:26:11.945 [info] > git config --get commit.template [36ms]
2025-09-05 12:26:11.948 [info] > git for-each-ref --format=%(refname)%00%(upstream:short)%00%(objectname)%00%(upstream:track)%00%(upstream:remotename)%00%(upstream:remoteref) refs/heads/main refs/remotes/main [6ms]
2025-09-05 12:26:12.001 [info] > git for-each-ref --sort -committerdate --format %(refname)%00%(objectname)%00%(*objectname) [4ms]
2025-09-05 12:26:12.235 [info] > git status -z -uall [266ms]
2025-09-05 12:26:24.943 [info] > git config --get commit.template [19ms]
2025-09-05 12:26:24.946 [info] > git for-each-ref --format=%(refname)%00%(upstream:short)%00%(objectname)%00%(upstream:track)%00%(upstream:remotename)%00%(upstream:remoteref) refs/heads/main refs/remotes/main [5ms]
2025-09-05 12:26:25.011 [info] > git for-each-ref --sort -committerdate --format %(refname)%00%(objectname)%00%(*objectname) [11ms]
2025-09-05 12:26:25.245 [info] > git status -z -uall [272ms]
2025-09-05 12:26:32.586 [info] > git for-each-ref --format=%(refname)%00%(upstream:short)%00%(objectname)%00%(upstream:track)%00%(upstream:remotename)%00%(upstream:remoteref) refs/heads/main refs/remotes/main [3ms]
2025-09-05 12:26:32.588 [info] > git config --get commit.template [27ms]
2025-09-05 12:26:32.626 [info] > git for-each-ref --sort -committerdate --format %(refname)%00%(objectname)%00%(*objectname) [5ms]
2025-09-05 12:26:32.818 [info] > git status -z -uall [214ms]
