2025-08-14 07:58:16.977 [info] [main] Log level: Info
2025-08-14 07:58:16.977 [info] [main] Validating found git in: "git"
2025-08-14 07:58:16.977 [info] [main] Using git "2.50.1" from "git"
2025-08-14 07:58:16.977 [info] [Model][doInitialScan] Initial repository scan started
2025-08-14 07:58:16.977 [info] > git rev-parse --show-toplevel [6ms]
2025-08-14 07:58:16.977 [info] > git rev-parse --git-dir --git-common-dir [675ms]
2025-08-14 07:58:16.977 [info] [Model][openRepository] Opened repository: /home/codebash/CascadeProjects/PlantApp
2025-08-14 07:58:16.977 [info] [Model][doInitialScan] Initial repository scan completed - repositories (1), closed repositories (0), parent repositories (0), unsafe repositories (0)
2025-08-14 07:58:17.020 [info] > git config --get commit.template [36ms]
2025-08-14 07:58:17.085 [info] > git for-each-ref --format=%(refname)%00%(upstream:short)%00%(objectname)%00%(upstream:track)%00%(upstream:remotename)%00%(upstream:remoteref) refs/heads/main refs/remotes/main [9ms]
2025-08-14 07:58:17.142 [info] > git for-each-ref --sort -committerdate --format %(refname)%00%(objectname)%00%(*objectname) [39ms]
2025-08-14 07:58:17.209 [info] > git show --textconv :src/screens/GroupDetailScreen.js [10ms]
2025-08-14 07:58:17.231 [info] > git ls-files --stage -- src/screens/GroupDetailScreen.js [23ms]
2025-08-14 07:58:17.246 [info] > git cat-file -s 7623c3e0c9331f5057a4a566e85dff5cb7bfd1a4 [5ms]
2025-08-14 07:58:17.294 [info] > git status -z -uall [200ms]
2025-08-14 07:58:17.336 [info] > git for-each-ref --format=%(refname)%00%(upstream:short)%00%(objectname)%00%(upstream:track)%00%(upstream:remotename)%00%(upstream:remoteref) refs/heads/main refs/remotes/main [11ms]
2025-08-14 07:58:17.341 [info] > git blame --root --incremental de0d64456f46ec418e6b0aa6bf13db95b53a427a -- src/screens/GroupDetailScreen.js [52ms]
2025-08-14 07:58:17.351 [info] > git config --get --local branch.main.vscode-merge-base [10ms]
2025-08-14 07:58:17.351 [warning] [Git][config] git config failed: Failed to execute git
2025-08-14 07:58:17.356 [info] > git config --get commit.template [21ms]
2025-08-14 07:58:17.364 [info] > git reflog main --grep-reflog=branch: Created from *. [8ms]
2025-08-14 07:58:17.369 [info] > git for-each-ref --format=%(refname)%00%(upstream:short)%00%(objectname)%00%(upstream:track)%00%(upstream:remotename)%00%(upstream:remoteref) refs/heads/main refs/remotes/main [6ms]
2025-08-14 07:58:17.382 [info] > git for-each-ref --sort -committerdate --format %(refname)%00%(objectname)%00%(*objectname) [0ms]
2025-08-14 07:58:17.383 [info] > git symbolic-ref --short refs/remotes/origin/HEAD [14ms]
2025-08-14 07:58:17.383 [info] fatal: ref refs/remotes/origin/HEAD is not a symbolic ref
2025-08-14 07:58:17.383 [warning] [Repository][getDefaultBranch] Failed to get default branch details: Failed to execute git.
2025-08-14 07:58:17.395 [info] > git merge-base refs/heads/main refs/remotes/origin/main [1ms]
2025-08-14 07:58:17.404 [info] > git diff --name-status -z --diff-filter=ADMR de0d64456f46ec418e6b0aa6bf13db95b53a427a...refs/remotes/origin/main [1ms]
2025-08-14 07:58:17.445 [info] > git status -z -uall [71ms]
2025-08-14 07:58:17.523 [info] > git check-ignore -v -z --stdin [22ms]
2025-08-14 08:34:05.501 [info] > git config --get commit.template [6ms]
2025-08-14 08:34:05.501 [info] > git for-each-ref --format=%(refname)%00%(upstream:short)%00%(objectname)%00%(upstream:track)%00%(upstream:remotename)%00%(upstream:remoteref) refs/heads/main refs/remotes/main [1ms]
2025-08-14 08:34:05.517 [info] > git for-each-ref --sort -committerdate --format %(refname)%00%(objectname)%00%(*objectname) [3ms]
2025-08-14 08:34:05.564 [info] > git status -z -uall [59ms]
2025-08-14 08:37:32.943 [info] > git config --get commit.template [7ms]
2025-08-14 08:37:32.944 [info] > git for-each-ref --format=%(refname)%00%(upstream:short)%00%(objectname)%00%(upstream:track)%00%(upstream:remotename)%00%(upstream:remoteref) refs/heads/main refs/remotes/main [2ms]
2025-08-14 08:37:32.962 [info] > git for-each-ref --sort -committerdate --format %(refname)%00%(objectname)%00%(*objectname) [1ms]
2025-08-14 08:37:33.017 [info] > git status -z -uall [67ms]
2025-08-14 08:38:40.088 [info] > git config --get commit.template [6ms]
2025-08-14 08:38:40.089 [info] > git for-each-ref --format=%(refname)%00%(upstream:short)%00%(objectname)%00%(upstream:track)%00%(upstream:remotename)%00%(upstream:remoteref) refs/heads/main refs/remotes/main [2ms]
2025-08-14 08:38:40.103 [info] > git for-each-ref --sort -committerdate --format %(refname)%00%(objectname)%00%(*objectname) [2ms]
2025-08-14 08:38:40.176 [info] > git status -z -uall [81ms]
2025-08-14 08:39:43.320 [info] > git config --get commit.template [9ms]
2025-08-14 08:39:43.320 [info] > git for-each-ref --format=%(refname)%00%(upstream:short)%00%(objectname)%00%(upstream:track)%00%(upstream:remotename)%00%(upstream:remoteref) refs/heads/main refs/remotes/main [1ms]
2025-08-14 08:39:43.343 [info] > git for-each-ref --sort -committerdate --format %(refname)%00%(objectname)%00%(*objectname) [2ms]
2025-08-14 08:39:43.428 [info] > git status -z -uall [100ms]
2025-08-14 08:40:37.561 [info] > git config --get commit.template [7ms]
2025-08-14 08:40:37.561 [info] > git for-each-ref --format=%(refname)%00%(upstream:short)%00%(objectname)%00%(upstream:track)%00%(upstream:remotename)%00%(upstream:remoteref) refs/heads/main refs/remotes/main [1ms]
2025-08-14 08:40:37.578 [info] > git for-each-ref --sort -committerdate --format %(refname)%00%(objectname)%00%(*objectname) [1ms]
2025-08-14 08:40:37.636 [info] > git status -z -uall [70ms]
2025-08-14 08:58:46.169 [info] > git config --get commit.template [4ms]
2025-08-14 08:58:46.170 [info] > git for-each-ref --format=%(refname)%00%(upstream:short)%00%(objectname)%00%(upstream:track)%00%(upstream:remotename)%00%(upstream:remoteref) refs/heads/main refs/remotes/main [1ms]
2025-08-14 08:58:46.183 [info] > git for-each-ref --sort -committerdate --format %(refname)%00%(objectname)%00%(*objectname) [1ms]
2025-08-14 08:58:46.226 [info] > git status -z -uall [52ms]
2025-08-14 08:58:52.752 [info] > git config --get commit.template [10ms]
2025-08-14 08:58:52.753 [info] > git for-each-ref --format=%(refname)%00%(upstream:short)%00%(objectname)%00%(upstream:track)%00%(upstream:remotename)%00%(upstream:remoteref) refs/heads/main refs/remotes/main [2ms]
2025-08-14 08:58:52.776 [info] > git for-each-ref --sort -committerdate --format %(refname)%00%(objectname)%00%(*objectname) [3ms]
2025-08-14 08:58:52.817 [info] > git status -z -uall [55ms]
2025-08-14 09:03:15.238 [info] > git config --get commit.template [4ms]
2025-08-14 09:03:15.238 [info] > git for-each-ref --format=%(refname)%00%(upstream:short)%00%(objectname)%00%(upstream:track)%00%(upstream:remotename)%00%(upstream:remoteref) refs/heads/main refs/remotes/main [0ms]
2025-08-14 09:03:15.252 [info] > git for-each-ref --sort -committerdate --format %(refname)%00%(objectname)%00%(*objectname) [2ms]
2025-08-14 09:03:15.295 [info] > git status -z -uall [53ms]
2025-08-14 09:03:58.424 [info] > git config --get commit.template [5ms]
2025-08-14 09:03:58.424 [info] > git for-each-ref --format=%(refname)%00%(upstream:short)%00%(objectname)%00%(upstream:track)%00%(upstream:remotename)%00%(upstream:remoteref) refs/heads/main refs/remotes/main [1ms]
2025-08-14 09:03:58.437 [info] > git for-each-ref --sort -committerdate --format %(refname)%00%(objectname)%00%(*objectname) [2ms]
2025-08-14 09:03:58.480 [info] > git status -z -uall [52ms]
2025-08-14 09:25:47.425 [info] > git config --get commit.template [4ms]
2025-08-14 09:25:47.426 [info] > git for-each-ref --format=%(refname)%00%(upstream:short)%00%(objectname)%00%(upstream:track)%00%(upstream:remotename)%00%(upstream:remoteref) refs/heads/main refs/remotes/main [1ms]
2025-08-14 09:25:47.438 [info] > git for-each-ref --sort -committerdate --format %(refname)%00%(objectname)%00%(*objectname) [3ms]
2025-08-14 09:25:47.481 [info] > git status -z -uall [51ms]
2025-08-14 10:37:26.927 [info] > git config --get commit.template [1ms]
2025-08-14 10:37:26.939 [info] > git ls-files --stage -- src/screens/GroupDetailScreen.js [7ms]
2025-08-14 10:37:26.946 [info] > git for-each-ref --format=%(refname)%00%(upstream:short)%00%(objectname)%00%(upstream:track)%00%(upstream:remotename)%00%(upstream:remoteref) refs/heads/main refs/remotes/main [8ms]
2025-08-14 10:37:26.964 [info] > git cat-file -s 7623c3e0c9331f5057a4a566e85dff5cb7bfd1a4 [19ms]
2025-08-14 10:37:26.972 [info] > git for-each-ref --sort -committerdate --format %(refname)%00%(objectname)%00%(*objectname) [9ms]
2025-08-14 10:37:26.976 [info] > git show --textconv :src/screens/GroupDetailScreen.js [5ms]
2025-08-14 10:37:27.021 [info] > git status -z -uall [69ms]
2025-08-14 10:37:27.040 [info] > git merge-base refs/heads/main refs/remotes/origin/main [2ms]
2025-08-14 10:37:27.047 [info] > git blame --root --incremental ac0220548a15610a8246345e10ddaa1dd4fc37f4 -- src/screens/GroupDetailScreen.js [15ms]
2025-08-14 10:37:27.049 [info] > git diff --name-status -z --diff-filter=ADMR ac0220548a15610a8246345e10ddaa1dd4fc37f4...refs/remotes/origin/main [2ms]
2025-08-14 10:37:32.051 [info] > git config --get commit.template [5ms]
2025-08-14 10:37:32.052 [info] > git for-each-ref --format=%(refname)%00%(upstream:short)%00%(objectname)%00%(upstream:track)%00%(upstream:remotename)%00%(upstream:remoteref) refs/heads/main refs/remotes/main [1ms]
2025-08-14 10:37:32.070 [info] > git for-each-ref --sort -committerdate --format %(refname)%00%(objectname)%00%(*objectname) [3ms]
2025-08-14 10:37:32.146 [info] > git status -z -uall [88ms]
2025-08-14 10:39:24.006 [info] > git config --get commit.template [5ms]
2025-08-14 10:39:24.007 [info] > git for-each-ref --format=%(refname)%00%(upstream:short)%00%(objectname)%00%(upstream:track)%00%(upstream:remotename)%00%(upstream:remoteref) refs/heads/main refs/remotes/main [1ms]
2025-08-14 10:39:24.024 [info] > git for-each-ref --sort -committerdate --format %(refname)%00%(objectname)%00%(*objectname) [2ms]
2025-08-14 10:39:24.066 [info] > git status -z -uall [54ms]
2025-08-14 10:39:29.082 [info] > git config --get commit.template [4ms]
2025-08-14 10:39:29.082 [info] > git for-each-ref --format=%(refname)%00%(upstream:short)%00%(objectname)%00%(upstream:track)%00%(upstream:remotename)%00%(upstream:remoteref) refs/heads/main refs/remotes/main [1ms]
2025-08-14 10:39:29.096 [info] > git for-each-ref --sort -committerdate --format %(refname)%00%(objectname)%00%(*objectname) [1ms]
2025-08-14 10:39:29.147 [info] > git status -z -uall [61ms]
2025-08-14 10:46:02.033 [info] > git config --get commit.template [1ms]
2025-08-14 10:46:02.039 [info] > git for-each-ref --format=%(refname)%00%(upstream:short)%00%(objectname)%00%(upstream:track)%00%(upstream:remotename)%00%(upstream:remoteref) refs/heads/main refs/remotes/main [0ms]
2025-08-14 10:46:02.054 [info] > git for-each-ref --sort -committerdate --format %(refname)%00%(objectname)%00%(*objectname) [4ms]
2025-08-14 10:46:02.105 [info] > git status -z -uall [61ms]
2025-08-14 10:59:42.647 [info] > git config --get commit.template [2ms]
2025-08-14 10:59:42.672 [info] > git for-each-ref --format=%(refname)%00%(upstream:short)%00%(objectname)%00%(upstream:track)%00%(upstream:remotename)%00%(upstream:remoteref) refs/heads/main refs/remotes/main [12ms]
2025-08-14 10:59:42.705 [info] > git ls-files --stage -- src/screens/GroupDetailScreen.js [34ms]
2025-08-14 10:59:42.715 [info] > git for-each-ref --sort -committerdate --format %(refname)%00%(objectname)%00%(*objectname) [11ms]
2025-08-14 10:59:42.716 [info] > git cat-file -s 7623c3e0c9331f5057a4a566e85dff5cb7bfd1a4 [2ms]
2025-08-14 10:59:42.735 [info] > git show --textconv :src/screens/GroupDetailScreen.js [3ms]
2025-08-14 10:59:42.762 [info] > git status -z -uall [75ms]
2025-08-14 10:59:42.778 [info] > git blame --root --incremental a60e8826916d1bd4cbe2e20c13c66f7ecca481fc -- src/screens/GroupDetailScreen.js [7ms]
2025-08-14 10:59:42.780 [info] > git merge-base refs/heads/main refs/remotes/origin/main [3ms]
2025-08-14 10:59:42.786 [info] > git diff --name-status -z --diff-filter=ADMR a60e8826916d1bd4cbe2e20c13c66f7ecca481fc...refs/remotes/origin/main [1ms]
2025-08-14 10:59:47.788 [info] > git config --get commit.template [5ms]
2025-08-14 10:59:47.788 [info] > git for-each-ref --format=%(refname)%00%(upstream:short)%00%(objectname)%00%(upstream:track)%00%(upstream:remotename)%00%(upstream:remoteref) refs/heads/main refs/remotes/main [0ms]
2025-08-14 10:59:47.803 [info] > git for-each-ref --sort -committerdate --format %(refname)%00%(objectname)%00%(*objectname) [1ms]
2025-08-14 10:59:47.850 [info] > git status -z -uall [58ms]
2025-08-14 11:04:27.541 [info] > git config --get commit.template [5ms]
2025-08-14 11:04:27.541 [info] > git for-each-ref --format=%(refname)%00%(upstream:short)%00%(objectname)%00%(upstream:track)%00%(upstream:remotename)%00%(upstream:remoteref) refs/heads/main refs/remotes/main [1ms]
2025-08-14 11:04:27.552 [info] > git for-each-ref --sort -committerdate --format %(refname)%00%(objectname)%00%(*objectname) [1ms]
2025-08-14 11:04:27.597 [info] > git status -z -uall [51ms]
2025-08-14 11:05:13.534 [info] > git config --get commit.template [6ms]
2025-08-14 11:05:13.535 [info] > git for-each-ref --format=%(refname)%00%(upstream:short)%00%(objectname)%00%(upstream:track)%00%(upstream:remotename)%00%(upstream:remoteref) refs/heads/main refs/remotes/main [1ms]
2025-08-14 11:05:13.553 [info] > git for-each-ref --sort -committerdate --format %(refname)%00%(objectname)%00%(*objectname) [1ms]
2025-08-14 11:05:13.599 [info] > git status -z -uall [58ms]
2025-08-14 11:07:51.234 [info] > git config --get commit.template [4ms]
2025-08-14 11:07:51.234 [info] > git for-each-ref --format=%(refname)%00%(upstream:short)%00%(objectname)%00%(upstream:track)%00%(upstream:remotename)%00%(upstream:remoteref) refs/heads/main refs/remotes/main [0ms]
2025-08-14 11:07:51.252 [info] > git for-each-ref --sort -committerdate --format %(refname)%00%(objectname)%00%(*objectname) [2ms]
2025-08-14 11:07:51.297 [info] > git status -z -uall [57ms]
2025-08-14 11:16:26.098 [info] > git config --get commit.template [9ms]
2025-08-14 11:16:26.099 [info] > git for-each-ref --format=%(refname)%00%(upstream:short)%00%(objectname)%00%(upstream:track)%00%(upstream:remotename)%00%(upstream:remoteref) refs/heads/main refs/remotes/main [1ms]
2025-08-14 11:16:26.123 [info] > git for-each-ref --sort -committerdate --format %(refname)%00%(objectname)%00%(*objectname) [1ms]
2025-08-14 11:16:26.196 [info] > git status -z -uall [91ms]
2025-08-14 11:16:31.226 [info] > git config --get commit.template [3ms]
2025-08-14 11:16:31.265 [info] > git for-each-ref --format=%(refname)%00%(upstream:short)%00%(objectname)%00%(upstream:track)%00%(upstream:remotename)%00%(upstream:remoteref) refs/heads/main refs/remotes/main [6ms]
2025-08-14 11:16:31.313 [info] > git for-each-ref --sort -committerdate --format %(refname)%00%(objectname)%00%(*objectname) [4ms]
2025-08-14 11:16:31.525 [info] > git status -z -uall [237ms]
2025-08-14 11:20:30.697 [info] > git config --get commit.template [7ms]
2025-08-14 11:20:30.704 [info] > git for-each-ref --format=%(refname)%00%(upstream:short)%00%(objectname)%00%(upstream:track)%00%(upstream:remotename)%00%(upstream:remoteref) refs/heads/main refs/remotes/main [9ms]
2025-08-14 11:20:30.717 [info] > git for-each-ref --sort -committerdate --format %(refname)%00%(objectname)%00%(*objectname) [1ms]
2025-08-14 11:20:30.718 [info] > git ls-files --stage -- src/screens/GroupDetailScreen.js [15ms]
2025-08-14 11:20:30.726 [info] > git cat-file -s 08f85cb4949175fe3a65b1f9e224f3f86a3703e1 [1ms]
2025-08-14 11:20:30.737 [info] > git show --textconv :src/screens/GroupDetailScreen.js [4ms]
2025-08-14 11:20:30.766 [info] > git status -z -uall [57ms]
2025-08-14 11:20:30.781 [info] > git blame --root --incremental d3769e6324bebbb8aaf85c4944a2768f78dc9d99 -- src/screens/GroupDetailScreen.js [7ms]
2025-08-14 11:20:30.782 [info] > git merge-base refs/heads/main refs/remotes/origin/main [2ms]
2025-08-14 11:20:30.789 [info] > git diff --name-status -z --diff-filter=ADMR d3769e6324bebbb8aaf85c4944a2768f78dc9d99...refs/remotes/origin/main [2ms]
2025-08-14 11:20:35.791 [info] > git config --get commit.template [4ms]
2025-08-14 11:20:35.791 [info] > git for-each-ref --format=%(refname)%00%(upstream:short)%00%(objectname)%00%(upstream:track)%00%(upstream:remotename)%00%(upstream:remoteref) refs/heads/main refs/remotes/main [1ms]
2025-08-14 11:20:35.802 [info] > git for-each-ref --sort -committerdate --format %(refname)%00%(objectname)%00%(*objectname) [0ms]
2025-08-14 11:20:35.845 [info] > git status -z -uall [50ms]
2025-08-14 11:20:57.829 [info] [main] Log level: Info
2025-08-14 11:20:57.829 [info] [main] Validating found git in: "git"
2025-08-14 11:20:57.829 [info] [main] Using git "2.50.1" from "git"
2025-08-14 11:20:57.829 [info] [Model][doInitialScan] Initial repository scan started
2025-08-14 11:20:57.829 [info] > git rev-parse --show-toplevel [502ms]
2025-08-14 11:20:57.830 [info] > git rev-parse --git-dir --git-common-dir [3ms]
2025-08-14 11:20:57.849 [info] [Model][openRepository] Opened repository: /home/codebash/CascadeProjects/PlantApp
2025-08-14 11:20:57.887 [info] > git rev-parse --show-toplevel [7ms]
2025-08-14 11:20:57.888 [info] > git config --get commit.template [14ms]
2025-08-14 11:20:57.992 [info] > git rev-parse --show-toplevel [30ms]
2025-08-14 11:20:58.002 [info] > git for-each-ref --format=%(refname)%00%(upstream:short)%00%(objectname)%00%(upstream:track)%00%(upstream:remotename)%00%(upstream:remoteref) refs/heads/main refs/remotes/main [12ms]
2025-08-14 11:20:58.004 [info] > git rev-parse --show-toplevel [3ms]
2025-08-14 11:20:58.008 [info] [Model][doInitialScan] Initial repository scan completed - repositories (1), closed repositories (0), parent repositories (0), unsafe repositories (0)
2025-08-14 11:20:58.070 [info] > git for-each-ref --sort -committerdate --format %(refname)%00%(objectname)%00%(*objectname) [15ms]
2025-08-14 11:20:58.177 [info] > git status -z -uall [134ms]
2025-08-14 11:20:58.222 [info] > git for-each-ref --format=%(refname)%00%(upstream:short)%00%(objectname)%00%(upstream:track)%00%(upstream:remotename)%00%(upstream:remoteref) refs/heads/main refs/remotes/main [14ms]
2025-08-14 11:20:58.233 [info] > git config --get --local branch.main.vscode-merge-base [2ms]
2025-08-14 11:20:58.233 [warning] [Git][config] git config failed: Failed to execute git
2025-08-14 11:20:58.242 [info] > git config --get commit.template [20ms]
2025-08-14 11:20:58.245 [info] > git reflog main --grep-reflog=branch: Created from *. [3ms]
2025-08-14 11:20:58.261 [info] > git symbolic-ref --short refs/remotes/origin/HEAD [9ms]
2025-08-14 11:20:58.261 [info] fatal: ref refs/remotes/origin/HEAD is not a symbolic ref
2025-08-14 11:20:58.261 [warning] [Repository][getDefaultBranch] Failed to get default branch details: Failed to execute git.
2025-08-14 11:20:58.271 [info] > git for-each-ref --format=%(refname)%00%(upstream:short)%00%(objectname)%00%(upstream:track)%00%(upstream:remotename)%00%(upstream:remoteref) refs/heads/main refs/remotes/main [11ms]
2025-08-14 11:20:58.272 [info] > git merge-base refs/heads/main refs/remotes/origin/main [2ms]
2025-08-14 11:20:58.283 [info] > git diff --name-status -z --diff-filter=ADMR d3769e6324bebbb8aaf85c4944a2768f78dc9d99...refs/remotes/origin/main [3ms]
2025-08-14 11:20:58.312 [info] > git for-each-ref --sort -committerdate --format %(refname)%00%(objectname)%00%(*objectname) [2ms]
2025-08-14 11:20:58.397 [info] > git status -z -uall [106ms]
2025-08-14 11:20:58.412 [info] > git check-ignore -v -z --stdin [20ms]
2025-08-14 11:21:20.945 [info] > git check-ignore -v -z --stdin [11ms]
2025-08-14 11:21:26.903 [info] > git check-ignore -v -z --stdin [8ms]
2025-08-14 11:21:35.414 [info] > git show --textconv :src/screens/HomeScreen.js [14ms]
2025-08-14 11:21:35.419 [info] > git ls-files --stage -- src/screens/HomeScreen.js [8ms]
2025-08-14 11:21:35.432 [info] > git cat-file -s 9e517744f4e26827fac35e98b623acbc315e12fd [3ms]
2025-08-14 11:23:12.510 [info] > git check-ignore -v -z --stdin [5ms]
2025-08-14 11:23:13.070 [info] > git config --get commit.template [4ms]
2025-08-14 11:23:13.071 [info] > git for-each-ref --format=%(refname)%00%(upstream:short)%00%(objectname)%00%(upstream:track)%00%(upstream:remotename)%00%(upstream:remoteref) refs/heads/main refs/remotes/main [1ms]
2025-08-14 11:23:13.086 [info] > git for-each-ref --sort -committerdate --format %(refname)%00%(objectname)%00%(*objectname) [1ms]
2025-08-14 11:23:13.125 [info] > git status -z -uall [50ms]
2025-08-14 11:24:25.703 [info] > git config --get commit.template [5ms]
2025-08-14 11:24:25.703 [info] > git for-each-ref --format=%(refname)%00%(upstream:short)%00%(objectname)%00%(upstream:track)%00%(upstream:remotename)%00%(upstream:remoteref) refs/heads/main refs/remotes/main [1ms]
2025-08-14 11:24:25.718 [info] > git for-each-ref --sort -committerdate --format %(refname)%00%(objectname)%00%(*objectname) [2ms]
2025-08-14 11:24:25.759 [info] > git status -z -uall [51ms]
2025-08-14 11:33:13.639 [info] > git config --get commit.template [1ms]
2025-08-14 11:33:13.652 [info] > git ls-files --stage -- src/screens/HomeScreen.js [7ms]
2025-08-14 11:33:13.657 [info] > git for-each-ref --format=%(refname)%00%(upstream:short)%00%(objectname)%00%(upstream:track)%00%(upstream:remotename)%00%(upstream:remoteref) refs/heads/main refs/remotes/main [6ms]
2025-08-14 11:33:13.658 [info] > git cat-file -s 9e517744f4e26827fac35e98b623acbc315e12fd [1ms]
2025-08-14 11:33:13.681 [info] > git for-each-ref --sort -committerdate --format %(refname)%00%(objectname)%00%(*objectname) [8ms]
2025-08-14 11:33:13.684 [info] > git show --textconv :src/screens/HomeScreen.js [4ms]
2025-08-14 11:33:13.720 [info] > git status -z -uall [57ms]
2025-08-14 11:33:13.730 [info] > git merge-base refs/heads/main refs/remotes/origin/main [2ms]
2025-08-14 11:33:13.736 [info] > git diff --name-status -z --diff-filter=ADMR 4ed8ee368d28f43f8266650ab7ac232bae11a4a6...refs/remotes/origin/main [1ms]
2025-08-14 11:33:18.741 [info] > git config --get commit.template [5ms]
2025-08-14 11:33:18.741 [info] > git for-each-ref --format=%(refname)%00%(upstream:short)%00%(objectname)%00%(upstream:track)%00%(upstream:remotename)%00%(upstream:remoteref) refs/heads/main refs/remotes/main [1ms]
2025-08-14 11:33:18.752 [info] > git for-each-ref --sort -committerdate --format %(refname)%00%(objectname)%00%(*objectname) [1ms]
2025-08-14 11:33:18.797 [info] > git status -z -uall [52ms]
2025-08-14 11:36:37.478 [info] > git config --get --local branch.main.github-pr-owner-number [5ms]
2025-08-14 11:36:37.478 [warning] [Git][config] git config failed: Failed to execute git
2025-08-14 11:36:47.463 [info] > git show --textconv :src/components/PlantCard.js [37ms]
2025-08-14 11:36:47.467 [info] > git ls-files --stage -- src/components/PlantCard.js [7ms]
2025-08-14 11:36:47.476 [info] > git cat-file -s 75d90b77589ccdd3a24e8ef609eba0e835ba2131 [1ms]
2025-08-14 11:37:23.881 [info] > git show --textconv :src/components/PlantCard.js [8ms]
2025-08-14 11:37:23.884 [info] > git ls-files --stage -- src/components/PlantCard.js [3ms]
2025-08-14 11:37:23.892 [info] > git cat-file -s 75d90b77589ccdd3a24e8ef609eba0e835ba2131 [1ms]
