2025-08-16 09:31:18.997 [info] Reading sessions from keychain...
2025-08-16 09:31:18.997 [info] Getting sessions for all scopes...
2025-08-16 09:31:18.997 [info] Got 0 sessions for ...
2025-08-16 09:31:18.997 [info] Getting sessions for all scopes...
2025-08-16 09:31:18.997 [info] Got 0 sessions for ...
2025-08-16 09:31:18.997 [info] Getting sessions for read:user,repo,user:email...
2025-08-16 09:31:18.997 [info] Got 0 sessions for read:user,repo,user:email...
2025-08-16 09:31:18.997 [info] Getting sessions for project,read:org,read:user,repo,user:email,workflow...
2025-08-16 09:31:18.997 [info] Got 0 sessions for project,read:org,read:user,repo,user:email,workflow...
2025-08-16 09:31:19.042 [info] Getting sessions for read:user,repo,user:email,workflow...
2025-08-16 09:31:19.042 [info] Got 0 sessions for read:user,repo,user:email,workflow...
2025-08-16 09:31:19.083 [info] Getting sessions for read:user,repo,user:email...
2025-08-16 09:31:19.083 [info] Got 0 sessions for read:user,repo,user:email...
2025-08-16 09:31:19.111 [info] Getting sessions for read:user,repo,user:email...
2025-08-16 09:31:19.111 [info] Got 0 sessions for read:user,repo,user:email...
2025-08-16 09:31:19.115 [info] Getting sessions for read:user,repo,user:email,workflow...
2025-08-16 09:31:19.115 [info] Got 0 sessions for read:user,repo,user:email,workflow...
2025-08-16 10:25:13.161 [info] Getting sessions for read:user,repo,user:email...
2025-08-16 10:25:13.161 [info] Got 0 sessions for read:user,repo,user:email...
2025-08-16 11:20:47.097 [info] Getting sessions for read:user,repo,user:email...
2025-08-16 11:20:47.097 [info] Got 0 sessions for read:user,repo,user:email...
