2025-08-27 15:44:07.483 [info] Added views:windsurf.cascadePanel in windsurf.cascadeViewContainerId
2025-08-27 15:44:07.483 [info] Added views:outline in workbench.view.explorer
2025-08-27 15:44:07.483 [info] Added views:workbench.view.search in workbench.view.search
2025-08-27 15:44:07.483 [info] Added views:workbench.scm in workbench.view.scm
2025-08-27 15:44:07.483 [info] Added views:workbench.panel.markers.view in workbench.panel.markers
2025-08-27 15:44:07.483 [info] Added views:workbench.panel.output in workbench.panel.output
2025-08-27 15:44:07.483 [info] Added views:terminal in terminal
2025-08-27 15:44:07.483 [info] Added views:timeline in workbench.view.explorer
2025-08-27 15:44:07.483 [info] Added views:workbench.explorer.fileView in workbench.view.explorer
2025-08-27 15:44:07.695 [info] Added views:workbench.debug.welcome in workbench.view.debug
2025-08-27 15:44:08.579 [info] Added views:windsurfDevContainers in workbench.view.remote
2025-08-27 15:44:08.579 [info] Added views:windsurfSSHHosts in workbench.view.remote
2025-08-27 15:44:08.580 [info] Added views:gitlens.views.scm.grouped in workbench.view.scm
2025-08-27 15:44:08.581 [info] Added views:gitlens.views.commitDetails,gitlens.views.lineHistory,gitlens.views.fileHistory,gitlens.views.timeline,gitlens.views.searchAndCompare in workbench.view.extension.gitlensInspect
2025-08-27 15:44:08.582 [info] Added views:gitlens.views.home,gitlens.views.launchpad,gitlens.views.workspaces in workbench.view.extension.gitlens
2025-08-27 15:44:08.582 [info] Added views:gitlens.views.graph,gitlens.views.graphDetails in workbench.view.extension.gitlensPanel
2025-08-27 15:44:08.583 [info] Added views:pr:github,issues:github in workbench.view.extension.github-pull-requests
2025-08-27 15:44:08.584 [info] Added views:vscode-containers.views.containers,vscode-containers.views.images,vscode-containers.views.registries,vscode-containers.views.networks,vscode-containers.views.volumes,vscode-containers.views.dockerContexts,vscode-containers.views.help in workbench.view.extension.containersView
2025-08-27 15:44:08.899 [info] Added views:workbench.panel.repl.view in workbench.panel.repl
2025-08-27 15:44:09.973 [info] Added views:~remote.forwardedPorts in ~remote.forwardedPortsContainer
2025-08-27 15:44:11.465 [info] Added views:workbench.view.testing in workbench.view.extension.test
2025-08-27 15:44:11.484 [info] Added views:go.explorer in workbench.view.explorer
2025-08-27 15:44:13.009 [info] Added views:go.package.outline in workbench.view.explorer
2025-08-27 15:44:28.214 [info] Removed views:gitlens.views.graphDetails,gitlens.views.graph from workbench.view.extension.gitlensPanel
2025-08-27 15:44:28.215 [info] Removed views:gitlens.views.searchAndCompare,gitlens.views.timeline,gitlens.views.fileHistory,gitlens.views.lineHistory,gitlens.views.commitDetails from workbench.view.extension.gitlensInspect
2025-08-27 15:44:28.218 [info] Removed views:gitlens.views.scm.grouped from workbench.view.scm
2025-08-27 15:44:28.413 [info] Added views:gitlens.views.drafts in workbench.view.extension.gitlens
2025-08-27 16:00:27.112 [info] Removed views:workbench.view.testing from workbench.view.extension.test
2025-08-27 16:00:27.897 [info] Added views:windsurf.cascadePanel in windsurf.cascadeViewContainerId
2025-08-27 16:00:27.897 [info] Added views:outline in workbench.view.explorer
2025-08-27 16:00:27.897 [info] Added views:workbench.view.search in workbench.view.search
2025-08-27 16:00:27.897 [info] Added views:workbench.scm in workbench.view.scm
2025-08-27 16:00:27.897 [info] Added views:workbench.panel.markers.view in workbench.panel.markers
2025-08-27 16:00:27.897 [info] Added views:workbench.panel.output in workbench.panel.output
2025-08-27 16:00:27.897 [info] Added views:terminal in terminal
2025-08-27 16:00:27.897 [info] Added views:timeline in workbench.view.explorer
2025-08-27 16:00:27.897 [info] Added views:workbench.explorer.fileView in workbench.view.explorer
2025-08-27 16:00:28.033 [info] Added views:workbench.debug.welcome in workbench.view.debug
2025-08-27 16:00:29.128 [info] Added views:windsurfDevContainers in workbench.view.remote
2025-08-27 16:00:29.128 [info] Added views:windsurfSSHHosts in workbench.view.remote
2025-08-27 16:00:29.129 [info] Added views:gitlens.views.scm.grouped in workbench.view.scm
2025-08-27 16:00:29.130 [info] Added views:gitlens.views.commitDetails,gitlens.views.lineHistory,gitlens.views.fileHistory,gitlens.views.timeline,gitlens.views.searchAndCompare in workbench.view.extension.gitlensInspect
2025-08-27 16:00:29.131 [info] Added views:gitlens.views.home,gitlens.views.launchpad,gitlens.views.workspaces in workbench.view.extension.gitlens
2025-08-27 16:00:29.131 [info] Added views:gitlens.views.graph,gitlens.views.graphDetails in workbench.view.extension.gitlensPanel
2025-08-27 16:00:29.132 [info] Added views:pr:github,issues:github in workbench.view.extension.github-pull-requests
2025-08-27 16:00:29.133 [info] Added views:vscode-containers.views.containers,vscode-containers.views.images,vscode-containers.views.registries,vscode-containers.views.networks,vscode-containers.views.volumes,vscode-containers.views.dockerContexts,vscode-containers.views.help in workbench.view.extension.containersView
2025-08-27 16:00:29.559 [info] Added views:workbench.panel.repl.view in workbench.panel.repl
2025-08-27 16:00:33.029 [info] Added views:~remote.forwardedPorts in ~remote.forwardedPortsContainer
2025-08-27 16:00:34.346 [info] Added views:workbench.scm.history in workbench.view.scm
2025-08-27 16:00:40.489 [info] Added views:gitlens.views.drafts in workbench.view.extension.gitlens
2025-08-27 16:00:43.288 [info] Removed views:issues:github,pr:github from workbench.view.extension.github-pull-requests
2025-08-27 16:00:43.290 [info] Added views:github:login in workbench.view.extension.github-pull-requests
