2025-08-14 07:58:14.968 [info] Added views:windsurf.cascadePanel in windsurf.cascadeViewContainerId
2025-08-14 07:58:14.968 [info] Added views:outline in workbench.view.explorer
2025-08-14 07:58:14.968 [info] Added views:workbench.view.search in workbench.view.search
2025-08-14 07:58:14.968 [info] Added views:workbench.scm in workbench.view.scm
2025-08-14 07:58:14.968 [info] Added views:workbench.panel.markers.view in workbench.panel.markers
2025-08-14 07:58:14.968 [info] Added views:workbench.panel.output in workbench.panel.output
2025-08-14 07:58:14.968 [info] Added views:terminal in terminal
2025-08-14 07:58:14.968 [info] Added views:timeline in workbench.view.explorer
2025-08-14 07:58:14.968 [info] Added views:workbench.explorer.emptyView in workbench.view.explorer
2025-08-14 07:58:15.176 [info] Added views:workbench.debug.welcome in workbench.view.debug
2025-08-14 07:58:15.550 [info] Added views:windsurfDevContainers in workbench.view.remote
2025-08-14 07:58:15.550 [info] Added views:windsurfSSHHosts in workbench.view.remote
2025-08-14 07:58:15.768 [info] Added views:workbench.panel.repl.view in workbench.panel.repl
2025-08-14 07:58:16.342 [info] Added views:~remote.forwardedPorts in ~remote.forwardedPortsContainer
2025-08-14 07:58:16.883 [info] Added views:workbench.scm.history in workbench.view.scm
2025-08-14 11:20:55.842 [info] Removed views:workbench.scm.history from workbench.view.scm
2025-08-14 11:20:56.475 [info] Added views:windsurf.cascadePanel in windsurf.cascadeViewContainerId
2025-08-14 11:20:56.476 [info] Added views:outline in workbench.view.explorer
2025-08-14 11:20:56.476 [info] Added views:workbench.view.search in workbench.view.search
2025-08-14 11:20:56.476 [info] Added views:workbench.scm in workbench.view.scm
2025-08-14 11:20:56.476 [info] Added views:workbench.panel.markers.view in workbench.panel.markers
2025-08-14 11:20:56.476 [info] Added views:workbench.panel.output in workbench.panel.output
2025-08-14 11:20:56.476 [info] Added views:terminal in terminal
2025-08-14 11:20:56.476 [info] Added views:timeline in workbench.view.explorer
2025-08-14 11:20:56.476 [info] Added views:workbench.explorer.fileView in workbench.view.explorer
2025-08-14 11:20:56.801 [info] Added views:windsurfDevContainers in workbench.view.remote
2025-08-14 11:20:56.801 [info] Added views:windsurfSSHHosts in workbench.view.remote
2025-08-14 11:20:56.925 [info] Added views:workbench.debug.variablesView,workbench.debug.watchExpressionsView,workbench.debug.callStackView,workbench.debug.breakPointsView in workbench.view.debug
2025-08-14 11:20:56.986 [info] Added views:~remote.forwardedPorts in ~remote.forwardedPortsContainer
2025-08-14 11:20:57.138 [info] Added views:workbench.panel.repl.view in workbench.panel.repl
2025-08-14 11:20:57.140 [info] Removed views:workbench.debug.breakPointsView,workbench.debug.callStackView,workbench.debug.watchExpressionsView,workbench.debug.variablesView from workbench.view.debug
2025-08-14 11:20:57.140 [info] Added views:workbench.debug.welcome in workbench.view.debug
2025-08-14 11:20:57.847 [info] Added views:workbench.scm.history in workbench.view.scm
2025-08-14 11:33:21.930 [info] Added views:workbench.views.extensions.installed,workbench.views.extensions.popular,extensions.recommendedList in workbench.view.extensions
2025-08-14 11:33:21.933 [info] Removed views:workbench.views.extensions.popular from workbench.view.extensions
2025-08-14 11:33:22.027 [info] Added views:workbench.views.extensions.popular in workbench.view.extensions
2025-08-14 11:33:34.278 [info] Added views:vscode-containers.views.containers,vscode-containers.views.images,vscode-containers.views.registries,vscode-containers.views.networks,vscode-containers.views.volumes,vscode-containers.views.dockerContexts,vscode-containers.views.help in workbench.view.extension.containersView
2025-08-14 11:33:58.543 [info] Removed views:extensions.recommendedList,workbench.views.extensions.popular,workbench.views.extensions.installed from workbench.view.extensions
2025-08-14 11:33:58.554 [info] Added views:workbench.views.extensions.marketplace in workbench.view.extensions
2025-08-14 11:34:19.411 [info] Added views:gitlens.views.scm.grouped in workbench.view.scm
2025-08-14 11:34:19.414 [info] Added views:gitlens.views.commitDetails,gitlens.views.lineHistory,gitlens.views.fileHistory,gitlens.views.timeline,gitlens.views.searchAndCompare in workbench.view.extension.gitlensInspect
2025-08-14 11:34:19.415 [info] Added views:gitlens.views.home,gitlens.views.launchpad,gitlens.views.workspaces in workbench.view.extension.gitlens
2025-08-14 11:34:19.415 [info] Added views:gitlens.views.graph,gitlens.views.graphDetails in workbench.view.extension.gitlensPanel
2025-08-14 11:34:19.736 [info] Removed views:gitlens.views.graphDetails,gitlens.views.graph from workbench.view.extension.gitlensPanel
2025-08-14 11:34:19.736 [info] Removed views:gitlens.views.searchAndCompare,gitlens.views.timeline,gitlens.views.fileHistory,gitlens.views.lineHistory,gitlens.views.commitDetails from workbench.view.extension.gitlensInspect
2025-08-14 11:34:19.737 [info] Removed views:gitlens.views.scm.grouped from workbench.view.scm
2025-08-14 11:34:19.806 [info] Added views:gitlens.views.drafts in workbench.view.extension.gitlens
2025-08-14 11:34:19.923 [info] Added views:gitlens.views.graph,gitlens.views.graphDetails in workbench.view.extension.gitlensPanel
2025-08-14 11:34:19.925 [info] Added views:gitlens.views.commitDetails,gitlens.views.lineHistory,gitlens.views.fileHistory,gitlens.views.timeline,gitlens.views.searchAndCompare in workbench.view.extension.gitlensInspect
2025-08-14 11:34:19.926 [info] Added views:gitlens.views.scm.grouped in workbench.view.scm
2025-08-14 11:36:36.967 [info] Added views:pr:github,issues:github in workbench.view.extension.github-pull-requests
2025-08-14 11:36:37.470 [info] Removed views:issues:github,pr:github from workbench.view.extension.github-pull-requests
2025-08-14 11:36:37.471 [info] Added views:github:login in workbench.view.extension.github-pull-requests
