2025-08-17 14:23:00.632 [info] Added views:windsurf.cascadePanel in windsurf.cascadeViewContainerId
2025-08-17 14:23:00.632 [info] Added views:outline in workbench.view.explorer
2025-08-17 14:23:00.632 [info] Added views:workbench.view.search in workbench.view.search
2025-08-17 14:23:00.632 [info] Added views:workbench.scm in workbench.view.scm
2025-08-17 14:23:00.632 [info] Added views:workbench.panel.markers.view in workbench.panel.markers
2025-08-17 14:23:00.632 [info] Added views:workbench.panel.output in workbench.panel.output
2025-08-17 14:23:00.632 [info] Added views:terminal in terminal
2025-08-17 14:23:00.632 [info] Added views:timeline in workbench.view.explorer
2025-08-17 14:23:00.632 [info] Added views:workbench.explorer.fileView in workbench.view.explorer
2025-08-17 14:23:00.958 [info] Added views:workbench.debug.variablesView,workbench.debug.watchExpressionsView,workbench.debug.callStackView,workbench.debug.breakPointsView in workbench.view.debug
2025-08-17 14:23:01.078 [info] Added views:windsurfDevContainers in workbench.view.remote
2025-08-17 14:23:01.078 [info] Added views:windsurfSSHHosts in workbench.view.remote
2025-08-17 14:23:01.079 [info] Added views:gitlens.views.scm.grouped in workbench.view.scm
2025-08-17 14:23:01.080 [info] Added views:gitlens.views.commitDetails,gitlens.views.lineHistory,gitlens.views.fileHistory,gitlens.views.timeline,gitlens.views.searchAndCompare in workbench.view.extension.gitlensInspect
2025-08-17 14:23:01.081 [info] Added views:gitlens.views.home,gitlens.views.launchpad,gitlens.views.workspaces in workbench.view.extension.gitlens
2025-08-17 14:23:01.082 [info] Added views:gitlens.views.graph,gitlens.views.graphDetails in workbench.view.extension.gitlensPanel
2025-08-17 14:23:01.082 [info] Added views:pr:github,issues:github in workbench.view.extension.github-pull-requests
2025-08-17 14:23:01.083 [info] Added views:vscode-containers.views.containers,vscode-containers.views.images,vscode-containers.views.registries,vscode-containers.views.networks,vscode-containers.views.volumes,vscode-containers.views.dockerContexts,vscode-containers.views.help in workbench.view.extension.containersView
2025-08-17 14:23:01.444 [info] Added views:workbench.panel.repl.view in workbench.panel.repl
2025-08-17 14:23:01.445 [info] Removed views:workbench.debug.breakPointsView,workbench.debug.callStackView,workbench.debug.watchExpressionsView,workbench.debug.variablesView from workbench.view.debug
2025-08-17 14:23:01.445 [info] Added views:workbench.debug.welcome in workbench.view.debug
2025-08-17 14:23:01.482 [info] Added views:~remote.forwardedPorts in ~remote.forwardedPortsContainer
2025-08-17 14:23:12.496 [info] Removed views:gitlens.views.graphDetails,gitlens.views.graph from workbench.view.extension.gitlensPanel
2025-08-17 14:23:12.497 [info] Removed views:gitlens.views.searchAndCompare,gitlens.views.timeline,gitlens.views.fileHistory,gitlens.views.lineHistory,gitlens.views.commitDetails from workbench.view.extension.gitlensInspect
2025-08-17 14:23:12.499 [info] Removed views:gitlens.views.scm.grouped from workbench.view.scm
2025-08-17 14:23:12.690 [info] Added views:gitlens.views.drafts in workbench.view.extension.gitlens
2025-08-17 14:23:36.462 [info] Added views:workbench.views.extensions.installed,workbench.views.extensions.popular,extensions.recommendedList in workbench.view.extensions
2025-08-17 14:23:36.463 [info] Removed views:workbench.views.extensions.popular from workbench.view.extensions
2025-08-17 14:23:37.045 [info] Removed views:extensions.recommendedList,workbench.views.extensions.installed from workbench.view.extensions
2025-08-17 14:23:37.054 [info] Added views:workbench.views.extensions.marketplace in workbench.view.extensions
2025-08-17 14:24:50.646 [info] Added views:workbench.view.testing in workbench.view.extension.test
2025-08-17 14:24:50.666 [info] Added views:go.explorer in workbench.view.explorer
2025-08-17 14:35:38.706 [info] Added views:go.package.outline in workbench.view.explorer
