2025-08-14 11:34:19.939 [info] Reading sessions from keychain...
2025-08-14 11:34:19.939 [info] Getting sessions for all scopes...
2025-08-14 11:34:19.939 [info] Got 0 sessions for ...
2025-08-14 11:34:19.939 [info] Getting sessions for all scopes...
2025-08-14 11:34:19.939 [info] Got 0 sessions for ...
2025-08-14 11:34:19.939 [info] Getting sessions for read:user,repo,user:email...
2025-08-14 11:34:19.939 [info] Got 0 sessions for read:user,repo,user:email...
2025-08-14 11:34:19.939 [info] Getting sessions for read:user,repo,user:email...
2025-08-14 11:34:19.939 [info] Got 0 sessions for read:user,repo,user:email...
2025-08-14 11:34:19.945 [info] Getting sessions for read:user,repo,user:email...
2025-08-14 11:34:19.945 [info] Got 0 sessions for read:user,repo,user:email...
2025-08-14 11:34:46.030 [info] Getting sessions for all scopes...
2025-08-14 11:34:46.030 [info] Got 0 sessions for ...
2025-08-14 11:35:25.122 [info] Getting sessions for all scopes...
2025-08-14 11:35:25.122 [info] Got 0 sessions for ...
2025-08-14 11:35:58.728 [info] Getting sessions for all scopes...
2025-08-14 11:35:58.728 [info] Got 0 sessions for ...
2025-08-14 11:36:37.412 [info] Getting sessions for all scopes...
2025-08-14 11:36:37.412 [info] Got 0 sessions for ...
2025-08-14 11:36:37.425 [info] Getting sessions for project,read:org,read:user,repo,user:email,workflow...
2025-08-14 11:36:37.425 [info] Got 0 sessions for project,read:org,read:user,repo,user:email,workflow...
2025-08-14 11:36:37.427 [info] Getting sessions for read:user,repo,user:email,workflow...
2025-08-14 11:36:37.427 [info] Got 0 sessions for read:user,repo,user:email,workflow...
2025-08-14 11:36:37.430 [info] Getting sessions for read:user,repo,user:email...
2025-08-14 11:36:37.430 [info] Got 0 sessions for read:user,repo,user:email...
2025-08-14 11:36:37.431 [info] Getting sessions for read:user,repo,user:email,workflow...
2025-08-14 11:36:37.431 [info] Got 0 sessions for read:user,repo,user:email,workflow...
2025-08-14 11:36:45.455 [info] Getting sessions for all scopes...
2025-08-14 11:36:45.455 [info] Got 0 sessions for ...
2025-08-14 11:37:25.924 [info] Getting sessions for all scopes...
2025-08-14 11:37:25.924 [info] Got 0 sessions for ...
