2025-09-05 12:16:48.955 [info] Added views:windsurf.cascadePanel in windsurf.cascadeViewContainerId
2025-09-05 12:16:48.955 [info] Added views:outline in workbench.view.explorer
2025-09-05 12:16:48.955 [info] Added views:workbench.view.search in workbench.view.search
2025-09-05 12:16:48.955 [info] Added views:workbench.scm in workbench.view.scm
2025-09-05 12:16:48.955 [info] Added views:workbench.deepwiki in workbench.view.deepwiki
2025-09-05 12:16:48.955 [info] Added views:workbench.panel.markers.view in workbench.panel.markers
2025-09-05 12:16:48.955 [info] Added views:workbench.panel.output in workbench.panel.output
2025-09-05 12:16:48.955 [info] Added views:terminal in terminal
2025-09-05 12:16:48.955 [info] Added views:timeline in workbench.view.explorer
2025-09-05 12:16:48.955 [info] Added views:workbench.explorer.fileView in workbench.view.explorer
2025-09-05 12:16:49.205 [info] Added views:workbench.debug.welcome in workbench.view.debug
2025-09-05 12:16:49.769 [info] Added views:windsurfDevContainers in workbench.view.remote
2025-09-05 12:16:49.770 [info] Added views:windsurfSSHHosts in workbench.view.remote
2025-09-05 12:16:49.770 [info] Added views:gitlens.views.scm.grouped in workbench.view.scm
2025-09-05 12:16:49.771 [info] Added views:gitlens.views.commitDetails,gitlens.views.lineHistory,gitlens.views.fileHistory,gitlens.views.timeline,gitlens.views.searchAndCompare in workbench.view.extension.gitlensInspect
2025-09-05 12:16:49.771 [info] Added views:gitlens.views.home,gitlens.views.launchpad,gitlens.views.workspaces in workbench.view.extension.gitlens
2025-09-05 12:16:49.771 [info] Added views:gitlens.views.graph,gitlens.views.graphDetails in workbench.view.extension.gitlensPanel
2025-09-05 12:16:49.771 [info] Added views:pr:github,issues:github in workbench.view.extension.github-pull-requests
2025-09-05 12:16:49.772 [info] Added views:vscode-containers.views.containers,vscode-containers.views.images,vscode-containers.views.registries,vscode-containers.views.networks,vscode-containers.views.volumes,vscode-containers.views.dockerContexts,vscode-containers.views.help in workbench.view.extension.containersView
2025-09-05 12:16:50.039 [info] Added views:workbench.panel.repl.view in workbench.panel.repl
2025-09-05 12:16:50.986 [info] Added views:workbench.scm.history in workbench.view.scm
2025-09-05 12:16:51.189 [info] Added views:~remote.forwardedPorts in ~remote.forwardedPortsContainer
2025-09-05 12:16:56.985 [info] Added views:gitlens.views.drafts in workbench.view.extension.gitlens
2025-09-05 12:16:59.035 [info] Removed views:workbench.scm.history from workbench.view.scm
