2025-08-16 09:31:12.376 [info] Added views:windsurf.cascadePanel in windsurf.cascadeViewContainerId
2025-08-16 09:31:12.377 [info] Added views:outline in workbench.view.explorer
2025-08-16 09:31:12.377 [info] Added views:workbench.view.search in workbench.view.search
2025-08-16 09:31:12.377 [info] Added views:workbench.scm in workbench.view.scm
2025-08-16 09:31:12.377 [info] Added views:workbench.panel.markers.view in workbench.panel.markers
2025-08-16 09:31:12.377 [info] Added views:workbench.panel.output in workbench.panel.output
2025-08-16 09:31:12.377 [info] Added views:terminal in terminal
2025-08-16 09:31:12.377 [info] Added views:timeline in workbench.view.explorer
2025-08-16 09:31:12.377 [info] Added views:workbench.explorer.fileView in workbench.view.explorer
2025-08-16 09:31:12.580 [info] Added views:workbench.debug.welcome in workbench.view.debug
2025-08-16 09:31:13.059 [info] Added views:windsurfDevContainers in workbench.view.remote
2025-08-16 09:31:13.059 [info] Added views:windsurfSSHHosts in workbench.view.remote
2025-08-16 09:31:13.060 [info] Added views:gitlens.views.scm.grouped in workbench.view.scm
2025-08-16 09:31:13.060 [info] Added views:gitlens.views.commitDetails,gitlens.views.lineHistory,gitlens.views.fileHistory,gitlens.views.timeline,gitlens.views.searchAndCompare in workbench.view.extension.gitlensInspect
2025-08-16 09:31:13.060 [info] Added views:gitlens.views.home,gitlens.views.launchpad,gitlens.views.workspaces in workbench.view.extension.gitlens
2025-08-16 09:31:13.061 [info] Added views:gitlens.views.graph,gitlens.views.graphDetails in workbench.view.extension.gitlensPanel
2025-08-16 09:31:13.061 [info] Added views:pr:github,issues:github in workbench.view.extension.github-pull-requests
2025-08-16 09:31:13.062 [info] Added views:vscode-containers.views.containers,vscode-containers.views.images,vscode-containers.views.registries,vscode-containers.views.networks,vscode-containers.views.volumes,vscode-containers.views.dockerContexts,vscode-containers.views.help in workbench.view.extension.containersView
2025-08-16 09:31:13.357 [info] Added views:workbench.panel.repl.view in workbench.panel.repl
2025-08-16 09:31:14.190 [info] Added views:~remote.forwardedPorts in ~remote.forwardedPortsContainer
2025-08-16 09:31:14.951 [info] Added views:workbench.scm.history in workbench.view.scm
2025-08-16 09:31:18.302 [info] Added views:gitlens.views.drafts in workbench.view.extension.gitlens
2025-08-16 09:31:19.187 [info] Removed views:issues:github,pr:github from workbench.view.extension.github-pull-requests
2025-08-16 09:31:19.188 [info] Added views:github:login in workbench.view.extension.github-pull-requests
2025-08-16 11:20:49.844 [info] Removed views:workbench.scm.history from workbench.view.scm
