2025-08-16 09:31:13.175 [info] Extension host with pid 17086 started
2025-08-16 09:31:13.175 [info] Skipping acquiring lock for /home/codebash/.config/Windsurf/User/workspaceStorage/6c39c5cad177378099bc57aabc1b31fd.
2025-08-16 09:31:13.356 [info] ExtensionService#_doActivateExtension vscode.emmet, startup: false, activationEvent: 'onLanguage'
2025-08-16 09:31:13.374 [info] ExtensionService#_doActivateExtension vscode.typescript-language-features, startup: false, activationEvent: 'onLanguage:javascript'
2025-08-16 09:31:13.754 [info] ExtensionService#_doActivateExtension vscode.git-base, startup: true, activationEvent: '*', root cause: vscode.git
2025-08-16 09:31:13.757 [info] ExtensionService#_doActivateExtension vscode.npm, startup: true, activationEvent: 'workspaceContains:package.json'
2025-08-16 09:31:13.825 [info] ExtensionService#_doActivateExtension vscode.git, startup: true, activationEvent: '*'
2025-08-16 09:31:13.903 [info] ExtensionService#_doActivateExtension vscode.github, startup: true, activationEvent: '*'
2025-08-16 09:31:14.219 [info] ExtensionService#_doActivateExtension codeium.windsurf, startup: true, activationEvent: '*'
2025-08-16 09:31:14.812 [info] ExtensionService#_doActivateExtension vscode.configuration-editing, startup: false, activationEvent: 'onLanguage:jsonc'
2025-08-16 09:31:14.822 [info] ExtensionService#_doActivateExtension vscode.json-language-features, startup: false, activationEvent: 'onLanguage:jsonc'
2025-08-16 09:31:17.738 [info] Eager extensions activated
2025-08-16 09:31:17.761 [info] ExtensionService#_doActivateExtension vscode.debug-auto-launch, startup: false, activationEvent: 'onStartupFinished'
2025-08-16 09:31:17.765 [info] ExtensionService#_doActivateExtension vscode.merge-conflict, startup: false, activationEvent: 'onStartupFinished'
2025-08-16 09:31:17.792 [info] ExtensionService#_doActivateExtension Codeium.windsurf-dev-containers, startup: false, activationEvent: 'onStartupFinished'
2025-08-16 09:31:17.800 [info] ExtensionService#_doActivateExtension bradlc.vscode-tailwindcss, startup: false, activationEvent: 'onStartupFinished'
2025-08-16 09:31:17.850 [info] ExtensionService#_doActivateExtension eamodio.gitlens, startup: false, activationEvent: 'onStartupFinished'
2025-08-16 09:31:18.055 [info] ExtensionService#_doActivateExtension esbenp.prettier-vscode, startup: false, activationEvent: 'onStartupFinished'
2025-08-16 09:31:18.116 [info] ExtensionService#_doActivateExtension vscode.github-authentication, startup: false, activationEvent: 'onStartupFinished', root cause: GitHub.vscode-pull-request-github
2025-08-16 09:31:18.146 [info] ExtensionService#_doActivateExtension ritwickdey.LiveServer, startup: false, activationEvent: 'onStartupFinished'
2025-08-16 09:31:18.420 [info] ExtensionService#_doActivateExtension vscode.extension-editing, startup: false, activationEvent: 'onLanguage:markdown'
2025-08-16 09:31:18.444 [info] ExtensionService#_doActivateExtension vscode.markdown-language-features, startup: false, activationEvent: 'onLanguage:markdown'
2025-08-16 09:31:18.625 [info] ExtensionService#_doActivateExtension GitHub.vscode-pull-request-github, startup: false, activationEvent: 'onStartupFinished'
2025-08-16 10:36:15.155 [error] ConnectError: [unknown] no unacknowledged steps for file file:///home/codebash/CascadeProjects/PlantApp/src/context/PlantContext.js
	at c (/usr/share/windsurf/resources/app/extensions/windsurf/dist/extension.js:2:4215159)
	at l (/usr/share/windsurf/resources/app/extensions/windsurf/dist/extension.js:2:4215555)
	at next (/usr/share/windsurf/resources/app/extensions/windsurf/dist/extension.js:2:4222206)
	at process.processTicksAndRejections (node:internal/process/task_queues:95:5)
	at async /usr/share/windsurf/resources/app/extensions/windsurf/dist/extension.js:2:3805521
	at async Object.unary (/usr/share/windsurf/resources/app/extensions/windsurf/dist/extension.js:2:4220542)
	at async Object.acknowledgeCascadeCodeEdit (/usr/share/windsurf/resources/app/extensions/windsurf/dist/extension.js:2:4208405)
	at async t.acknowledgeCascadeCodeEdit (/usr/share/windsurf/resources/app/extensions/windsurf/dist/extension.js:2:2308542)
2025-08-16 10:39:17.176 [error] ConnectError: [unknown] no unacknowledged steps for file file:///home/codebash/CascadeProjects/PlantApp/src/screens/ChartsScreen.js
	at c (/usr/share/windsurf/resources/app/extensions/windsurf/dist/extension.js:2:4215159)
	at l (/usr/share/windsurf/resources/app/extensions/windsurf/dist/extension.js:2:4215555)
	at next (/usr/share/windsurf/resources/app/extensions/windsurf/dist/extension.js:2:4222206)
	at process.processTicksAndRejections (node:internal/process/task_queues:95:5)
	at async /usr/share/windsurf/resources/app/extensions/windsurf/dist/extension.js:2:3805521
	at async Object.unary (/usr/share/windsurf/resources/app/extensions/windsurf/dist/extension.js:2:4220542)
	at async Object.acknowledgeCascadeCodeEdit (/usr/share/windsurf/resources/app/extensions/windsurf/dist/extension.js:2:4208405)
	at async t.acknowledgeCascadeCodeEdit (/usr/share/windsurf/resources/app/extensions/windsurf/dist/extension.js:2:2308542)
2025-08-16 10:40:41.560 [error] ConnectError: [unknown] no unacknowledged steps for file file:///home/codebash/CascadeProjects/PlantApp/src/screens/ChartsScreen.js
	at c (/usr/share/windsurf/resources/app/extensions/windsurf/dist/extension.js:2:4215159)
	at l (/usr/share/windsurf/resources/app/extensions/windsurf/dist/extension.js:2:4215555)
	at next (/usr/share/windsurf/resources/app/extensions/windsurf/dist/extension.js:2:4222206)
	at process.processTicksAndRejections (node:internal/process/task_queues:95:5)
	at async /usr/share/windsurf/resources/app/extensions/windsurf/dist/extension.js:2:3805521
	at async Object.unary (/usr/share/windsurf/resources/app/extensions/windsurf/dist/extension.js:2:4220542)
	at async Object.acknowledgeCascadeCodeEdit (/usr/share/windsurf/resources/app/extensions/windsurf/dist/extension.js:2:4208405)
	at async t.acknowledgeCascadeCodeEdit (/usr/share/windsurf/resources/app/extensions/windsurf/dist/extension.js:2:2308542)
2025-08-16 11:07:41.582 [error] ConnectError: [unknown] no unacknowledged steps for file file:///home/codebash/CascadeProjects/PlantApp/src/components/GroupCard.js
	at c (/usr/share/windsurf/resources/app/extensions/windsurf/dist/extension.js:2:4215159)
	at l (/usr/share/windsurf/resources/app/extensions/windsurf/dist/extension.js:2:4215555)
	at next (/usr/share/windsurf/resources/app/extensions/windsurf/dist/extension.js:2:4222206)
	at process.processTicksAndRejections (node:internal/process/task_queues:95:5)
	at async /usr/share/windsurf/resources/app/extensions/windsurf/dist/extension.js:2:3805521
	at async Object.unary (/usr/share/windsurf/resources/app/extensions/windsurf/dist/extension.js:2:4220542)
	at async Object.acknowledgeCascadeCodeEdit (/usr/share/windsurf/resources/app/extensions/windsurf/dist/extension.js:2:4208405)
	at async t.acknowledgeCascadeCodeEdit (/usr/share/windsurf/resources/app/extensions/windsurf/dist/extension.js:2:2308542)
2025-08-16 11:08:51.579 [error] ConnectError: [unknown] no unacknowledged steps for file file:///home/codebash/CascadeProjects/PlantApp/src/screens/HomeScreen.js
	at c (/usr/share/windsurf/resources/app/extensions/windsurf/dist/extension.js:2:4215159)
	at l (/usr/share/windsurf/resources/app/extensions/windsurf/dist/extension.js:2:4215555)
	at next (/usr/share/windsurf/resources/app/extensions/windsurf/dist/extension.js:2:4222206)
	at process.processTicksAndRejections (node:internal/process/task_queues:95:5)
	at async /usr/share/windsurf/resources/app/extensions/windsurf/dist/extension.js:2:3805521
	at async Object.unary (/usr/share/windsurf/resources/app/extensions/windsurf/dist/extension.js:2:4220542)
	at async Object.acknowledgeCascadeCodeEdit (/usr/share/windsurf/resources/app/extensions/windsurf/dist/extension.js:2:4208405)
	at async t.acknowledgeCascadeCodeEdit (/usr/share/windsurf/resources/app/extensions/windsurf/dist/extension.js:2:2308542)
2025-08-16 11:09:16.233 [error] ConnectError: [unknown] no unacknowledged steps for file file:///home/codebash/CascadeProjects/PlantApp/App.js
	at c (/usr/share/windsurf/resources/app/extensions/windsurf/dist/extension.js:2:4215159)
	at l (/usr/share/windsurf/resources/app/extensions/windsurf/dist/extension.js:2:4215555)
	at next (/usr/share/windsurf/resources/app/extensions/windsurf/dist/extension.js:2:4222206)
	at process.processTicksAndRejections (node:internal/process/task_queues:95:5)
	at async /usr/share/windsurf/resources/app/extensions/windsurf/dist/extension.js:2:3805521
	at async Object.unary (/usr/share/windsurf/resources/app/extensions/windsurf/dist/extension.js:2:4220542)
	at async Object.acknowledgeCascadeCodeEdit (/usr/share/windsurf/resources/app/extensions/windsurf/dist/extension.js:2:4208405)
	at async t.acknowledgeCascadeCodeEdit (/usr/share/windsurf/resources/app/extensions/windsurf/dist/extension.js:2:2308542)
2025-08-16 11:20:49.818 [info] Extension host terminating: renderer closed the MessagePort
2025-08-16 11:20:49.863 [error] An error occurred when disposing the subscriptions for extension 'eamodio.gitlens':
2025-08-16 11:20:49.865 [error] TypeError: Cannot read properties of undefined (reading 'dispose')
	at Object.dispose (file:///usr/share/windsurf/resources/app/out/vs/workbench/api/node/extensionHostProcess.js:136:128179)
	at uS.<anonymous> (file:///usr/share/windsurf/resources/app/out/vs/workbench/api/node/extensionHostProcess.js:107:9249)
	at uS.dispose (file:///usr/share/windsurf/resources/app/out/vs/workbench/api/node/extensionHostProcess.js:107:9345)
	at Object.dispose (/home/codebash/.windsurf/extensions/eamodio.gitlens-17.3.4-universal/dist/gitlens.js:577:29282)
	at /home/codebash/.windsurf/extensions/eamodio.gitlens-17.3.4-universal/dist/gitlens.js:854:16179
	at Array.forEach (<anonymous>)
	at Object.dispose (/home/codebash/.windsurf/extensions/eamodio.gitlens-17.3.4-universal/dist/gitlens.js:854:16161)
	at xi (file:///usr/share/windsurf/resources/app/out/vs/workbench/api/node/extensionHostProcess.js:25:701)
	at file:///usr/share/windsurf/resources/app/out/vs/workbench/api/node/extensionHostProcess.js:116:16196
	at file:///usr/share/windsurf/resources/app/out/vs/workbench/api/node/extensionHostProcess.js:25:1011
	at Object.dispose (file:///usr/share/windsurf/resources/app/out/vs/workbench/api/node/extensionHostProcess.js:8:705)
	at Cse.eb (file:///usr/share/windsurf/resources/app/out/vs/workbench/api/node/extensionHostProcess.js:116:13123)
	at file:///usr/share/windsurf/resources/app/out/vs/workbench/api/node/extensionHostProcess.js:116:11078
	at Array.map (<anonymous>)
	at Cse.$ (file:///usr/share/windsurf/resources/app/out/vs/workbench/api/node/extensionHostProcess.js:116:11066)
	at Cse.terminate (file:///usr/share/windsurf/resources/app/out/vs/workbench/api/node/extensionHostProcess.js:116:11309)
	at F$.terminate (file:///usr/share/windsurf/resources/app/out/vs/workbench/api/node/extensionHostProcess.js:117:1434)
	at Os (file:///usr/share/windsurf/resources/app/out/vs/workbench/api/node/extensionHostProcess.js:198:5711)
	at MessagePortMain.<anonymous> (file:///usr/share/windsurf/resources/app/out/vs/workbench/api/node/extensionHostProcess.js:198:2251)
	at MessagePortMain.emit (node:events:524:28)
	at MessagePortMain.emit (node:domain:489:12)
	at MessagePortMain._internalPort.emit (node:electron/js2c/utility_init:2:2949)
2025-08-16 11:20:49.871 [error] Canceled: Canceled
	at new VH (file:///usr/share/windsurf/resources/app/out/vs/workbench/api/node/extensionHostProcess.js:29:113205)
	at cD.U (file:///usr/share/windsurf/resources/app/out/vs/workbench/api/node/extensionHostProcess.js:29:117816)
	at s.<computed>.r.charCodeAt.s.<computed> (file:///usr/share/windsurf/resources/app/out/vs/workbench/api/node/extensionHostProcess.js:29:115310)
	at DI.g (file:///usr/share/windsurf/resources/app/out/vs/workbench/api/node/extensionHostProcess.js:111:43847)
	at DI.executeCommand (file:///usr/share/windsurf/resources/app/out/vs/workbench/api/node/extensionHostProcess.js:111:43351)
	at n.registerCommand.description (file:///usr/share/windsurf/resources/app/out/vs/workbench/api/node/extensionHostProcess.js:111:42681)
	at DI.h (file:///usr/share/windsurf/resources/app/out/vs/workbench/api/node/extensionHostProcess.js:111:44367)
	at DI.g (file:///usr/share/windsurf/resources/app/out/vs/workbench/api/node/extensionHostProcess.js:111:43444)
	at DI.executeCommand (file:///usr/share/windsurf/resources/app/out/vs/workbench/api/node/extensionHostProcess.js:111:43351)
	at Object.executeCommand (file:///usr/share/windsurf/resources/app/out/vs/workbench/api/node/extensionHostProcess.js:174:42069)
	at dE.L [as value] (/usr/share/windsurf/resources/app/extensions/git/dist/main.js:2:514222)
	at O.B (file:///usr/share/windsurf/resources/app/out/vs/workbench/api/node/extensionHostProcess.js:27:2375)
	at O.C (file:///usr/share/windsurf/resources/app/out/vs/workbench/api/node/extensionHostProcess.js:27:2445)
	at O.fire (file:///usr/share/windsurf/resources/app/out/vs/workbench/api/node/extensionHostProcess.js:27:2662)
	at Object.g [as dispose] (/usr/share/windsurf/resources/app/extensions/git/dist/main.js:2:536862)
	at /usr/share/windsurf/resources/app/extensions/git/dist/main.js:2:543180
	at Array.forEach (<anonymous>)
	at b.dispose (/usr/share/windsurf/resources/app/extensions/git/dist/main.js:2:543166)
	at uS.<anonymous> (file:///usr/share/windsurf/resources/app/out/vs/workbench/api/node/extensionHostProcess.js:107:9249)
	at uS.dispose (file:///usr/share/windsurf/resources/app/out/vs/workbench/api/node/extensionHostProcess.js:107:9345)
	at uS.<anonymous> (/usr/share/windsurf/resources/app/extensions/git/dist/main.js:2:516706)
	at uS.dispose (file:///usr/share/windsurf/resources/app/out/vs/workbench/api/node/extensionHostProcess.js:107:9345)
	at xi (file:///usr/share/windsurf/resources/app/out/vs/workbench/api/node/extensionHostProcess.js:25:701)
	at file:///usr/share/windsurf/resources/app/out/vs/workbench/api/node/extensionHostProcess.js:116:16196
	at file:///usr/share/windsurf/resources/app/out/vs/workbench/api/node/extensionHostProcess.js:25:1011
	at Object.dispose (file:///usr/share/windsurf/resources/app/out/vs/workbench/api/node/extensionHostProcess.js:8:705)
	at Cse.eb (file:///usr/share/windsurf/resources/app/out/vs/workbench/api/node/extensionHostProcess.js:116:13123)
	at file:///usr/share/windsurf/resources/app/out/vs/workbench/api/node/extensionHostProcess.js:116:11078
	at Array.map (<anonymous>)
	at Cse.$ (file:///usr/share/windsurf/resources/app/out/vs/workbench/api/node/extensionHostProcess.js:116:11066)
	at Cse.terminate (file:///usr/share/windsurf/resources/app/out/vs/workbench/api/node/extensionHostProcess.js:116:11309)
	at F$.terminate (file:///usr/share/windsurf/resources/app/out/vs/workbench/api/node/extensionHostProcess.js:117:1434)
	at Os (file:///usr/share/windsurf/resources/app/out/vs/workbench/api/node/extensionHostProcess.js:198:5711)
	at MessagePortMain.<anonymous> (file:///usr/share/windsurf/resources/app/out/vs/workbench/api/node/extensionHostProcess.js:198:2251)
	at MessagePortMain.emit (node:events:524:28)
	at MessagePortMain.emit (node:domain:489:12)
	at MessagePortMain._internalPort.emit (node:electron/js2c/utility_init:2:2949) setContext undefined
2025-08-16 11:20:49.872 [error] Canceled: Canceled
	at new VH (file:///usr/share/windsurf/resources/app/out/vs/workbench/api/node/extensionHostProcess.js:29:113205)
	at cD.U (file:///usr/share/windsurf/resources/app/out/vs/workbench/api/node/extensionHostProcess.js:29:117816)
	at s.<computed>.r.charCodeAt.s.<computed> (file:///usr/share/windsurf/resources/app/out/vs/workbench/api/node/extensionHostProcess.js:29:115310)
	at DI.g (file:///usr/share/windsurf/resources/app/out/vs/workbench/api/node/extensionHostProcess.js:111:43847)
	at DI.executeCommand (file:///usr/share/windsurf/resources/app/out/vs/workbench/api/node/extensionHostProcess.js:111:43351)
	at n.registerCommand.description (file:///usr/share/windsurf/resources/app/out/vs/workbench/api/node/extensionHostProcess.js:111:42681)
	at DI.h (file:///usr/share/windsurf/resources/app/out/vs/workbench/api/node/extensionHostProcess.js:111:44367)
	at DI.g (file:///usr/share/windsurf/resources/app/out/vs/workbench/api/node/extensionHostProcess.js:111:43444)
	at DI.executeCommand (file:///usr/share/windsurf/resources/app/out/vs/workbench/api/node/extensionHostProcess.js:111:43351)
	at Object.executeCommand (file:///usr/share/windsurf/resources/app/out/vs/workbench/api/node/extensionHostProcess.js:174:42069)
	at set hasGitHubRepositories (/usr/share/windsurf/resources/app/extensions/github/dist/extension.js:2:217807)
	at /usr/share/windsurf/resources/app/extensions/github/dist/extension.js:2:218766
	at dE.value (/usr/share/windsurf/resources/app/extensions/git/dist/main.js:2:634408)
	at O.B (file:///usr/share/windsurf/resources/app/out/vs/workbench/api/node/extensionHostProcess.js:27:2375)
	at O.C (file:///usr/share/windsurf/resources/app/out/vs/workbench/api/node/extensionHostProcess.js:27:2445)
	at O.fire (file:///usr/share/windsurf/resources/app/out/vs/workbench/api/node/extensionHostProcess.js:27:2662)
	at Object.g [as dispose] (/usr/share/windsurf/resources/app/extensions/git/dist/main.js:2:536862)
	at /usr/share/windsurf/resources/app/extensions/git/dist/main.js:2:543180
	at Array.forEach (<anonymous>)
	at b.dispose (/usr/share/windsurf/resources/app/extensions/git/dist/main.js:2:543166)
	at uS.<anonymous> (file:///usr/share/windsurf/resources/app/out/vs/workbench/api/node/extensionHostProcess.js:107:9249)
	at uS.dispose (file:///usr/share/windsurf/resources/app/out/vs/workbench/api/node/extensionHostProcess.js:107:9345)
	at uS.<anonymous> (/usr/share/windsurf/resources/app/extensions/git/dist/main.js:2:516706)
	at uS.dispose (file:///usr/share/windsurf/resources/app/out/vs/workbench/api/node/extensionHostProcess.js:107:9345)
	at xi (file:///usr/share/windsurf/resources/app/out/vs/workbench/api/node/extensionHostProcess.js:25:701)
	at file:///usr/share/windsurf/resources/app/out/vs/workbench/api/node/extensionHostProcess.js:116:16196
	at file:///usr/share/windsurf/resources/app/out/vs/workbench/api/node/extensionHostProcess.js:25:1011
	at Object.dispose (file:///usr/share/windsurf/resources/app/out/vs/workbench/api/node/extensionHostProcess.js:8:705)
	at Cse.eb (file:///usr/share/windsurf/resources/app/out/vs/workbench/api/node/extensionHostProcess.js:116:13123)
	at file:///usr/share/windsurf/resources/app/out/vs/workbench/api/node/extensionHostProcess.js:116:11078
	at Array.map (<anonymous>)
	at Cse.$ (file:///usr/share/windsurf/resources/app/out/vs/workbench/api/node/extensionHostProcess.js:116:11066)
	at Cse.terminate (file:///usr/share/windsurf/resources/app/out/vs/workbench/api/node/extensionHostProcess.js:116:11309)
	at F$.terminate (file:///usr/share/windsurf/resources/app/out/vs/workbench/api/node/extensionHostProcess.js:117:1434)
	at Os (file:///usr/share/windsurf/resources/app/out/vs/workbench/api/node/extensionHostProcess.js:198:5711)
	at MessagePortMain.<anonymous> (file:///usr/share/windsurf/resources/app/out/vs/workbench/api/node/extensionHostProcess.js:198:2251)
	at MessagePortMain.emit (node:events:524:28)
	at MessagePortMain.emit (node:domain:489:12)
	at MessagePortMain._internalPort.emit (node:electron/js2c/utility_init:2:2949) setContext undefined
2025-08-16 11:20:49.874 [error] Canceled: Canceled
	at new VH (file:///usr/share/windsurf/resources/app/out/vs/workbench/api/node/extensionHostProcess.js:29:113205)
	at cD.U (file:///usr/share/windsurf/resources/app/out/vs/workbench/api/node/extensionHostProcess.js:29:117816)
	at s.<computed>.r.charCodeAt.s.<computed> (file:///usr/share/windsurf/resources/app/out/vs/workbench/api/node/extensionHostProcess.js:29:115310)
	at DI.g (file:///usr/share/windsurf/resources/app/out/vs/workbench/api/node/extensionHostProcess.js:111:43847)
	at DI.executeCommand (file:///usr/share/windsurf/resources/app/out/vs/workbench/api/node/extensionHostProcess.js:111:43351)
	at n.registerCommand.description (file:///usr/share/windsurf/resources/app/out/vs/workbench/api/node/extensionHostProcess.js:111:42681)
	at DI.h (file:///usr/share/windsurf/resources/app/out/vs/workbench/api/node/extensionHostProcess.js:111:44367)
	at DI.g (file:///usr/share/windsurf/resources/app/out/vs/workbench/api/node/extensionHostProcess.js:111:43444)
	at DI.executeCommand (file:///usr/share/windsurf/resources/app/out/vs/workbench/api/node/extensionHostProcess.js:111:43351)
	at Object.executeCommand (file:///usr/share/windsurf/resources/app/out/vs/workbench/api/node/extensionHostProcess.js:174:42069)
	at e (/home/codebash/.windsurf/extensions/github.vscode-pull-request-github-0.108.0-universal/dist/extension.js:2075:464971)
	at Object.i [as setContext] (/home/codebash/.windsurf/extensions/github.vscode-pull-request-github-0.108.0-universal/dist/extension.js:2075:465086)
	at of.updateActiveReviewCount (/home/codebash/.windsurf/extensions/github.vscode-pull-request-github-0.108.0-universal/dist/extension.js:2181:21277)
	at of.removeRepo (/home/codebash/.windsurf/extensions/github.vscode-pull-request-github-0.108.0-universal/dist/extension.js:2181:22462)
	at dE.value (/home/codebash/.windsurf/extensions/github.vscode-pull-request-github-0.108.0-universal/dist/extension.js:2517:4263)
	at O.B (file:///usr/share/windsurf/resources/app/out/vs/workbench/api/node/extensionHostProcess.js:27:2375)
	at O.C (file:///usr/share/windsurf/resources/app/out/vs/workbench/api/node/extensionHostProcess.js:27:2445)
	at O.fire (file:///usr/share/windsurf/resources/app/out/vs/workbench/api/node/extensionHostProcess.js:27:2662)
	at dE.value (/home/codebash/.windsurf/extensions/github.vscode-pull-request-github-0.108.0-universal/dist/extension.js:2075:461751)
	at O.B (file:///usr/share/windsurf/resources/app/out/vs/workbench/api/node/extensionHostProcess.js:27:2375)
	at O.fire (file:///usr/share/windsurf/resources/app/out/vs/workbench/api/node/extensionHostProcess.js:27:2593)
	at /home/codebash/.windsurf/extensions/github.vscode-pull-request-github-0.108.0-universal/dist/extension.js:2181:26599
	at dE.value (/usr/share/windsurf/resources/app/extensions/git/dist/main.js:2:634408)
	at O.B (file:///usr/share/windsurf/resources/app/out/vs/workbench/api/node/extensionHostProcess.js:27:2375)
	at O.C (file:///usr/share/windsurf/resources/app/out/vs/workbench/api/node/extensionHostProcess.js:27:2445)
	at O.fire (file:///usr/share/windsurf/resources/app/out/vs/workbench/api/node/extensionHostProcess.js:27:2662)
	at Object.g [as dispose] (/usr/share/windsurf/resources/app/extensions/git/dist/main.js:2:536862)
	at /usr/share/windsurf/resources/app/extensions/git/dist/main.js:2:543180
	at Array.forEach (<anonymous>)
	at b.dispose (/usr/share/windsurf/resources/app/extensions/git/dist/main.js:2:543166)
	at uS.<anonymous> (file:///usr/share/windsurf/resources/app/out/vs/workbench/api/node/extensionHostProcess.js:107:9249)
	at uS.dispose (file:///usr/share/windsurf/resources/app/out/vs/workbench/api/node/extensionHostProcess.js:107:9345)
	at uS.<anonymous> (/usr/share/windsurf/resources/app/extensions/git/dist/main.js:2:516706)
	at uS.dispose (file:///usr/share/windsurf/resources/app/out/vs/workbench/api/node/extensionHostProcess.js:107:9345)
	at xi (file:///usr/share/windsurf/resources/app/out/vs/workbench/api/node/extensionHostProcess.js:25:701)
	at file:///usr/share/windsurf/resources/app/out/vs/workbench/api/node/extensionHostProcess.js:116:16196
	at file:///usr/share/windsurf/resources/app/out/vs/workbench/api/node/extensionHostProcess.js:25:1011
	at Object.dispose (file:///usr/share/windsurf/resources/app/out/vs/workbench/api/node/extensionHostProcess.js:8:705)
	at Cse.eb (file:///usr/share/windsurf/resources/app/out/vs/workbench/api/node/extensionHostProcess.js:116:13123)
	at file:///usr/share/windsurf/resources/app/out/vs/workbench/api/node/extensionHostProcess.js:116:11078
	at Array.map (<anonymous>)
	at Cse.$ (file:///usr/share/windsurf/resources/app/out/vs/workbench/api/node/extensionHostProcess.js:116:11066)
	at Cse.terminate (file:///usr/share/windsurf/resources/app/out/vs/workbench/api/node/extensionHostProcess.js:116:11309)
	at F$.terminate (file:///usr/share/windsurf/resources/app/out/vs/workbench/api/node/extensionHostProcess.js:117:1434)
	at Os (file:///usr/share/windsurf/resources/app/out/vs/workbench/api/node/extensionHostProcess.js:198:5711)
	at MessagePortMain.<anonymous> (file:///usr/share/windsurf/resources/app/out/vs/workbench/api/node/extensionHostProcess.js:198:2251)
	at MessagePortMain.emit (node:events:524:28)
	at MessagePortMain.emit (node:domain:489:12)
	at MessagePortMain._internalPort.emit (node:electron/js2c/utility_init:2:2949) setContext undefined
2025-08-16 11:20:49.874 [error] Canceled: Canceled
	at new VH (file:///usr/share/windsurf/resources/app/out/vs/workbench/api/node/extensionHostProcess.js:29:113205)
	at cD.U (file:///usr/share/windsurf/resources/app/out/vs/workbench/api/node/extensionHostProcess.js:29:117816)
	at s.<computed>.r.charCodeAt.s.<computed> (file:///usr/share/windsurf/resources/app/out/vs/workbench/api/node/extensionHostProcess.js:29:115310)
	at DI.g (file:///usr/share/windsurf/resources/app/out/vs/workbench/api/node/extensionHostProcess.js:111:43847)
	at DI.executeCommand (file:///usr/share/windsurf/resources/app/out/vs/workbench/api/node/extensionHostProcess.js:111:43351)
	at n.registerCommand.description (file:///usr/share/windsurf/resources/app/out/vs/workbench/api/node/extensionHostProcess.js:111:42681)
	at DI.h (file:///usr/share/windsurf/resources/app/out/vs/workbench/api/node/extensionHostProcess.js:111:44367)
	at DI.g (file:///usr/share/windsurf/resources/app/out/vs/workbench/api/node/extensionHostProcess.js:111:43444)
	at DI.executeCommand (file:///usr/share/windsurf/resources/app/out/vs/workbench/api/node/extensionHostProcess.js:111:43351)
	at Object.executeCommand (file:///usr/share/windsurf/resources/app/out/vs/workbench/api/node/extensionHostProcess.js:174:42069)
	at e (/home/codebash/.windsurf/extensions/github.vscode-pull-request-github-0.108.0-universal/dist/extension.js:2075:464971)
	at Object.i [as setContext] (/home/codebash/.windsurf/extensions/github.vscode-pull-request-github-0.108.0-universal/dist/extension.js:2075:465086)
	at Vh.setReviewModeContexts (/home/codebash/.windsurf/extensions/github.vscode-pull-request-github-0.108.0-universal/dist/extension.js:2504:19359)
	at Vh.removePrFromView (/home/codebash/.windsurf/extensions/github.vscode-pull-request-github-0.108.0-universal/dist/extension.js:2504:19986)
	at sf.clear (/home/codebash/.windsurf/extensions/github.vscode-pull-request-github-0.108.0-universal/dist/extension.js:2165:8168)
	at sf.dispose (/home/codebash/.windsurf/extensions/github.vscode-pull-request-github-0.108.0-universal/dist/extension.js:2167:188)
	at Kh.removeReviewManager (/home/codebash/.windsurf/extensions/github.vscode-pull-request-github-0.108.0-universal/dist/extension.js:2504:51024)
	at dE.value (/home/codebash/.windsurf/extensions/github.vscode-pull-request-github-0.108.0-universal/dist/extension.js:2517:4281)
	at O.B (file:///usr/share/windsurf/resources/app/out/vs/workbench/api/node/extensionHostProcess.js:27:2375)
	at O.C (file:///usr/share/windsurf/resources/app/out/vs/workbench/api/node/extensionHostProcess.js:27:2445)
	at O.fire (file:///usr/share/windsurf/resources/app/out/vs/workbench/api/node/extensionHostProcess.js:27:2662)
	at dE.value (/home/codebash/.windsurf/extensions/github.vscode-pull-request-github-0.108.0-universal/dist/extension.js:2075:461751)
	at O.B (file:///usr/share/windsurf/resources/app/out/vs/workbench/api/node/extensionHostProcess.js:27:2375)
	at O.fire (file:///usr/share/windsurf/resources/app/out/vs/workbench/api/node/extensionHostProcess.js:27:2593)
	at /home/codebash/.windsurf/extensions/github.vscode-pull-request-github-0.108.0-universal/dist/extension.js:2181:26599
	at dE.value (/usr/share/windsurf/resources/app/extensions/git/dist/main.js:2:634408)
	at O.B (file:///usr/share/windsurf/resources/app/out/vs/workbench/api/node/extensionHostProcess.js:27:2375)
	at O.C (file:///usr/share/windsurf/resources/app/out/vs/workbench/api/node/extensionHostProcess.js:27:2445)
	at O.fire (file:///usr/share/windsurf/resources/app/out/vs/workbench/api/node/extensionHostProcess.js:27:2662)
	at Object.g [as dispose] (/usr/share/windsurf/resources/app/extensions/git/dist/main.js:2:536862)
	at /usr/share/windsurf/resources/app/extensions/git/dist/main.js:2:543180
	at Array.forEach (<anonymous>)
	at b.dispose (/usr/share/windsurf/resources/app/extensions/git/dist/main.js:2:543166)
	at uS.<anonymous> (file:///usr/share/windsurf/resources/app/out/vs/workbench/api/node/extensionHostProcess.js:107:9249)
	at uS.dispose (file:///usr/share/windsurf/resources/app/out/vs/workbench/api/node/extensionHostProcess.js:107:9345)
	at uS.<anonymous> (/usr/share/windsurf/resources/app/extensions/git/dist/main.js:2:516706)
	at uS.dispose (file:///usr/share/windsurf/resources/app/out/vs/workbench/api/node/extensionHostProcess.js:107:9345)
	at xi (file:///usr/share/windsurf/resources/app/out/vs/workbench/api/node/extensionHostProcess.js:25:701)
	at file:///usr/share/windsurf/resources/app/out/vs/workbench/api/node/extensionHostProcess.js:116:16196
	at file:///usr/share/windsurf/resources/app/out/vs/workbench/api/node/extensionHostProcess.js:25:1011
	at Object.dispose (file:///usr/share/windsurf/resources/app/out/vs/workbench/api/node/extensionHostProcess.js:8:705)
	at Cse.eb (file:///usr/share/windsurf/resources/app/out/vs/workbench/api/node/extensionHostProcess.js:116:13123)
	at file:///usr/share/windsurf/resources/app/out/vs/workbench/api/node/extensionHostProcess.js:116:11078
	at Array.map (<anonymous>)
	at Cse.$ (file:///usr/share/windsurf/resources/app/out/vs/workbench/api/node/extensionHostProcess.js:116:11066)
	at Cse.terminate (file:///usr/share/windsurf/resources/app/out/vs/workbench/api/node/extensionHostProcess.js:116:11309)
	at F$.terminate (file:///usr/share/windsurf/resources/app/out/vs/workbench/api/node/extensionHostProcess.js:117:1434)
	at Os (file:///usr/share/windsurf/resources/app/out/vs/workbench/api/node/extensionHostProcess.js:198:5711)
	at MessagePortMain.<anonymous> (file:///usr/share/windsurf/resources/app/out/vs/workbench/api/node/extensionHostProcess.js:198:2251)
	at MessagePortMain.emit (node:events:524:28)
	at MessagePortMain.emit (node:domain:489:12)
	at MessagePortMain._internalPort.emit (node:electron/js2c/utility_init:2:2949) setContext undefined
2025-08-16 11:20:49.874 [error] Canceled: Canceled
	at new VH (file:///usr/share/windsurf/resources/app/out/vs/workbench/api/node/extensionHostProcess.js:29:113205)
	at cD.U (file:///usr/share/windsurf/resources/app/out/vs/workbench/api/node/extensionHostProcess.js:29:117816)
	at s.<computed>.r.charCodeAt.s.<computed> (file:///usr/share/windsurf/resources/app/out/vs/workbench/api/node/extensionHostProcess.js:29:115310)
	at DI.g (file:///usr/share/windsurf/resources/app/out/vs/workbench/api/node/extensionHostProcess.js:111:43847)
	at DI.executeCommand (file:///usr/share/windsurf/resources/app/out/vs/workbench/api/node/extensionHostProcess.js:111:43351)
	at n.registerCommand.description (file:///usr/share/windsurf/resources/app/out/vs/workbench/api/node/extensionHostProcess.js:111:42681)
	at DI.h (file:///usr/share/windsurf/resources/app/out/vs/workbench/api/node/extensionHostProcess.js:111:44367)
	at DI.g (file:///usr/share/windsurf/resources/app/out/vs/workbench/api/node/extensionHostProcess.js:111:43444)
	at DI.executeCommand (file:///usr/share/windsurf/resources/app/out/vs/workbench/api/node/extensionHostProcess.js:111:43351)
	at Object.executeCommand (file:///usr/share/windsurf/resources/app/out/vs/workbench/api/node/extensionHostProcess.js:174:42069)
	at w (/home/codebash/.windsurf/extensions/eamodio.gitlens-17.3.4-universal/dist/gitlens.js:456:13014)
	at c (/home/codebash/.windsurf/extensions/eamodio.gitlens-17.3.4-universal/dist/gitlens.js:3:10000)
	at ActionRunners._updateContextKeys (/home/codebash/.windsurf/extensions/eamodio.gitlens-17.3.4-universal/dist/gitlens.js:1994:6393)
	at s (/home/codebash/.windsurf/extensions/eamodio.gitlens-17.3.4-universal/dist/gitlens.js:1994:4837)
	at RegisteredActionRunner.unregister (/home/codebash/.windsurf/extensions/eamodio.gitlens-17.3.4-universal/dist/gitlens.js:1994:4980)
	at RegisteredActionRunner.dispose (/home/codebash/.windsurf/extensions/eamodio.gitlens-17.3.4-universal/dist/gitlens.js:1994:3640)
	at Object.dispose (/home/codebash/.windsurf/extensions/eamodio.gitlens-17.3.4-universal/dist/gitlens.js:1994:5074)
	at xi (file:///usr/share/windsurf/resources/app/out/vs/workbench/api/node/extensionHostProcess.js:25:701)
	at file:///usr/share/windsurf/resources/app/out/vs/workbench/api/node/extensionHostProcess.js:116:16196
	at file:///usr/share/windsurf/resources/app/out/vs/workbench/api/node/extensionHostProcess.js:25:1011
	at Object.dispose (file:///usr/share/windsurf/resources/app/out/vs/workbench/api/node/extensionHostProcess.js:8:705)
	at Cse.eb (file:///usr/share/windsurf/resources/app/out/vs/workbench/api/node/extensionHostProcess.js:116:13123)
	at file:///usr/share/windsurf/resources/app/out/vs/workbench/api/node/extensionHostProcess.js:116:11078
	at Array.map (<anonymous>)
	at Cse.$ (file:///usr/share/windsurf/resources/app/out/vs/workbench/api/node/extensionHostProcess.js:116:11066)
	at Cse.terminate (file:///usr/share/windsurf/resources/app/out/vs/workbench/api/node/extensionHostProcess.js:116:11309)
	at F$.terminate (file:///usr/share/windsurf/resources/app/out/vs/workbench/api/node/extensionHostProcess.js:117:1434)
	at Os (file:///usr/share/windsurf/resources/app/out/vs/workbench/api/node/extensionHostProcess.js:198:5711)
	at MessagePortMain.<anonymous> (file:///usr/share/windsurf/resources/app/out/vs/workbench/api/node/extensionHostProcess.js:198:2251)
	at MessagePortMain.emit (node:events:524:28)
	at MessagePortMain.emit (node:domain:489:12)
	at MessagePortMain._internalPort.emit (node:electron/js2c/utility_init:2:2949) setContext undefined
2025-08-16 11:20:49.874 [error] Canceled: Canceled
	at new VH (file:///usr/share/windsurf/resources/app/out/vs/workbench/api/node/extensionHostProcess.js:29:113205)
	at cD.U (file:///usr/share/windsurf/resources/app/out/vs/workbench/api/node/extensionHostProcess.js:29:117816)
	at s.<computed>.r.charCodeAt.s.<computed> (file:///usr/share/windsurf/resources/app/out/vs/workbench/api/node/extensionHostProcess.js:29:115310)
	at DI.g (file:///usr/share/windsurf/resources/app/out/vs/workbench/api/node/extensionHostProcess.js:111:43847)
	at DI.executeCommand (file:///usr/share/windsurf/resources/app/out/vs/workbench/api/node/extensionHostProcess.js:111:43351)
	at n.registerCommand.description (file:///usr/share/windsurf/resources/app/out/vs/workbench/api/node/extensionHostProcess.js:111:42681)
	at DI.h (file:///usr/share/windsurf/resources/app/out/vs/workbench/api/node/extensionHostProcess.js:111:44367)
	at DI.g (file:///usr/share/windsurf/resources/app/out/vs/workbench/api/node/extensionHostProcess.js:111:43444)
	at DI.executeCommand (file:///usr/share/windsurf/resources/app/out/vs/workbench/api/node/extensionHostProcess.js:111:43351)
	at Object.executeCommand (file:///usr/share/windsurf/resources/app/out/vs/workbench/api/node/extensionHostProcess.js:174:42069)
	at w (/home/codebash/.windsurf/extensions/eamodio.gitlens-17.3.4-universal/dist/gitlens.js:456:13014)
	at c (/home/codebash/.windsurf/extensions/eamodio.gitlens-17.3.4-universal/dist/gitlens.js:3:10000)
	at ActionRunners._updateContextKeys (/home/codebash/.windsurf/extensions/eamodio.gitlens-17.3.4-universal/dist/gitlens.js:1994:6393)
	at s (/home/codebash/.windsurf/extensions/eamodio.gitlens-17.3.4-universal/dist/gitlens.js:1994:4837)
	at RegisteredActionRunner.unregister (/home/codebash/.windsurf/extensions/eamodio.gitlens-17.3.4-universal/dist/gitlens.js:1994:4980)
	at RegisteredActionRunner.dispose (/home/codebash/.windsurf/extensions/eamodio.gitlens-17.3.4-universal/dist/gitlens.js:1994:3640)
	at Object.dispose (/home/codebash/.windsurf/extensions/eamodio.gitlens-17.3.4-universal/dist/gitlens.js:1994:5074)
	at xi (file:///usr/share/windsurf/resources/app/out/vs/workbench/api/node/extensionHostProcess.js:25:701)
	at file:///usr/share/windsurf/resources/app/out/vs/workbench/api/node/extensionHostProcess.js:116:16196
	at file:///usr/share/windsurf/resources/app/out/vs/workbench/api/node/extensionHostProcess.js:25:1011
	at Object.dispose (file:///usr/share/windsurf/resources/app/out/vs/workbench/api/node/extensionHostProcess.js:8:705)
	at Cse.eb (file:///usr/share/windsurf/resources/app/out/vs/workbench/api/node/extensionHostProcess.js:116:13123)
	at file:///usr/share/windsurf/resources/app/out/vs/workbench/api/node/extensionHostProcess.js:116:11078
	at Array.map (<anonymous>)
	at Cse.$ (file:///usr/share/windsurf/resources/app/out/vs/workbench/api/node/extensionHostProcess.js:116:11066)
	at Cse.terminate (file:///usr/share/windsurf/resources/app/out/vs/workbench/api/node/extensionHostProcess.js:116:11309)
	at F$.terminate (file:///usr/share/windsurf/resources/app/out/vs/workbench/api/node/extensionHostProcess.js:117:1434)
	at Os (file:///usr/share/windsurf/resources/app/out/vs/workbench/api/node/extensionHostProcess.js:198:5711)
	at MessagePortMain.<anonymous> (file:///usr/share/windsurf/resources/app/out/vs/workbench/api/node/extensionHostProcess.js:198:2251)
	at MessagePortMain.emit (node:events:524:28)
	at MessagePortMain.emit (node:domain:489:12)
	at MessagePortMain._internalPort.emit (node:electron/js2c/utility_init:2:2949) setContext undefined
2025-08-16 11:20:49.874 [error] Canceled: Canceled
	at new VH (file:///usr/share/windsurf/resources/app/out/vs/workbench/api/node/extensionHostProcess.js:29:113205)
	at cD.U (file:///usr/share/windsurf/resources/app/out/vs/workbench/api/node/extensionHostProcess.js:29:117816)
	at s.<computed>.r.charCodeAt.s.<computed> (file:///usr/share/windsurf/resources/app/out/vs/workbench/api/node/extensionHostProcess.js:29:115310)
	at DI.g (file:///usr/share/windsurf/resources/app/out/vs/workbench/api/node/extensionHostProcess.js:111:43847)
	at DI.executeCommand (file:///usr/share/windsurf/resources/app/out/vs/workbench/api/node/extensionHostProcess.js:111:43351)
	at n.registerCommand.description (file:///usr/share/windsurf/resources/app/out/vs/workbench/api/node/extensionHostProcess.js:111:42681)
	at DI.h (file:///usr/share/windsurf/resources/app/out/vs/workbench/api/node/extensionHostProcess.js:111:44367)
	at DI.g (file:///usr/share/windsurf/resources/app/out/vs/workbench/api/node/extensionHostProcess.js:111:43444)
	at DI.executeCommand (file:///usr/share/windsurf/resources/app/out/vs/workbench/api/node/extensionHostProcess.js:111:43351)
	at Object.executeCommand (file:///usr/share/windsurf/resources/app/out/vs/workbench/api/node/extensionHostProcess.js:174:42069)
	at w (/home/codebash/.windsurf/extensions/eamodio.gitlens-17.3.4-universal/dist/gitlens.js:456:13014)
	at c (/home/codebash/.windsurf/extensions/eamodio.gitlens-17.3.4-universal/dist/gitlens.js:3:10000)
	at ActionRunners._updateContextKeys (/home/codebash/.windsurf/extensions/eamodio.gitlens-17.3.4-universal/dist/gitlens.js:1994:6393)
	at s (/home/codebash/.windsurf/extensions/eamodio.gitlens-17.3.4-universal/dist/gitlens.js:1994:4837)
	at RegisteredActionRunner.unregister (/home/codebash/.windsurf/extensions/eamodio.gitlens-17.3.4-universal/dist/gitlens.js:1994:4980)
	at RegisteredActionRunner.dispose (/home/codebash/.windsurf/extensions/eamodio.gitlens-17.3.4-universal/dist/gitlens.js:1994:3640)
	at Object.dispose (/home/codebash/.windsurf/extensions/eamodio.gitlens-17.3.4-universal/dist/gitlens.js:1994:5074)
	at p (/home/codebash/.windsurf/extensions/github.vscode-pull-request-github-0.108.0-universal/dist/extension.js:2075:446222)
	at Ew.dispose (/home/codebash/.windsurf/extensions/github.vscode-pull-request-github-0.108.0-universal/dist/extension.js:2075:446390)
	at xi (file:///usr/share/windsurf/resources/app/out/vs/workbench/api/node/extensionHostProcess.js:25:701)
	at file:///usr/share/windsurf/resources/app/out/vs/workbench/api/node/extensionHostProcess.js:116:16196
	at file:///usr/share/windsurf/resources/app/out/vs/workbench/api/node/extensionHostProcess.js:25:1011
	at Object.dispose (file:///usr/share/windsurf/resources/app/out/vs/workbench/api/node/extensionHostProcess.js:8:705)
	at Cse.eb (file:///usr/share/windsurf/resources/app/out/vs/workbench/api/node/extensionHostProcess.js:116:13123)
	at file:///usr/share/windsurf/resources/app/out/vs/workbench/api/node/extensionHostProcess.js:116:11078
	at Array.map (<anonymous>)
	at Cse.$ (file:///usr/share/windsurf/resources/app/out/vs/workbench/api/node/extensionHostProcess.js:116:11066)
	at Cse.terminate (file:///usr/share/windsurf/resources/app/out/vs/workbench/api/node/extensionHostProcess.js:116:11309)
	at F$.terminate (file:///usr/share/windsurf/resources/app/out/vs/workbench/api/node/extensionHostProcess.js:117:1434)
	at Os (file:///usr/share/windsurf/resources/app/out/vs/workbench/api/node/extensionHostProcess.js:198:5711)
	at MessagePortMain.<anonymous> (file:///usr/share/windsurf/resources/app/out/vs/workbench/api/node/extensionHostProcess.js:198:2251)
	at MessagePortMain.emit (node:events:524:28)
	at MessagePortMain.emit (node:domain:489:12)
	at MessagePortMain._internalPort.emit (node:electron/js2c/utility_init:2:2949) setContext undefined
2025-08-16 11:20:49.877 [info] Extension host with pid 17086 exiting with code 0
