2025-08-15 08:16:23.037 [info] [Activation] Extension version: 0.108.0
2025-08-15 08:16:23.125 [info] [Activation] Looking for git repository
2025-08-15 08:16:23.125 [info] [Activation] Found 0 repositories during activation
2025-08-15 08:16:23.125 [info] [Activation] Git repository found, initializing review manager and pr tree view.
2025-08-15 08:16:23.131 [info] [GitAPI] Registering git provider
2025-08-15 08:16:23.131 [info] [Review+0] Validate state in progress
2025-08-15 08:16:23.131 [info] [Review+0] Validating state...
2025-08-15 08:16:23.147 [info] [FolderRepositoryManager+0] Found GitHub remote for folder /home/codebash/CascadeProjects/PlantApp
2025-08-15 08:16:23.150 [info] [FolderRepositoryManager+0] Trying to use globalState for assignableUsers.
2025-08-15 08:16:23.165 [info] [Review+0] No matching pull request metadata found locally for current branch main
2025-08-15 08:16:23.166 [info] [Review+0] No matching pull request metadata found on GitHub for current branch main
2025-08-15 08:16:23.179 [info] [FolderRepositoryManager+0] GlobalState does not exist for assignableUsers.
2025-08-15 08:37:26.309 [info] [Activation] Repo state for file:///home/codebash/CascadeProjects/PlantApp changed.
2025-08-15 08:37:26.309 [info] [Activation] Repo file:///home/codebash/CascadeProjects/PlantApp has already been setup.
2025-08-15 08:47:06.338 [info] [Review+0] Validate state in progress
2025-08-15 08:47:06.338 [info] [Review+0] Validating state...
2025-08-15 08:47:06.355 [info] [FolderRepositoryManager+0] Found GitHub remote for folder /home/codebash/CascadeProjects/PlantApp
2025-08-15 08:47:06.356 [info] [FolderRepositoryManager+0] Using in-memory cached assignable users.
2025-08-15 08:47:06.363 [info] [Review+0] No matching pull request metadata found locally for current branch main
2025-08-15 08:47:06.363 [info] [Review+0] No matching pull request metadata found on GitHub for current branch main
