2025-08-16 09:31:15.066 [info] [main] Log level: Info
2025-08-16 09:31:15.066 [info] [main] Validating found git in: "git"
2025-08-16 09:31:15.066 [info] [main] Using git "2.50.1" from "git"
2025-08-16 09:31:15.066 [info] [Model][doInitialScan] Initial repository scan started
2025-08-16 09:31:15.066 [info] > git rev-parse --show-toplevel [694ms]
2025-08-16 09:31:15.066 [info] > git rev-parse --git-dir --git-common-dir [16ms]
2025-08-16 09:31:15.066 [info] [Model][openRepository] Opened repository: /home/codebash/CascadeProjects/PlantApp
2025-08-16 09:31:15.066 [info] > git rev-parse --show-toplevel [36ms]
2025-08-16 09:31:15.066 [info] > git config --get commit.template [43ms]
2025-08-16 09:31:15.109 [info] > git rev-parse --show-toplevel [33ms]
2025-08-16 09:31:15.136 [info] > git rev-parse --show-toplevel [14ms]
2025-08-16 09:31:15.136 [info] > git for-each-ref --format=%(refname)%00%(upstream:short)%00%(objectname)%00%(upstream:track)%00%(upstream:remotename)%00%(upstream:remoteref) refs/heads/main refs/remotes/main [29ms]
2025-08-16 09:31:15.208 [info] > git for-each-ref --sort -committerdate --format %(refname)%00%(objectname)%00%(*objectname) [35ms]
2025-08-16 09:31:15.212 [info] > git rev-parse --show-toplevel [62ms]
2025-08-16 09:31:15.216 [info] [Model][doInitialScan] Initial repository scan completed - repositories (1), closed repositories (0), parent repositories (0), unsafe repositories (0)
2025-08-16 09:31:15.314 [info] > git show --textconv :src/components/PlantCard.js [12ms]
2025-08-16 09:31:15.319 [info] > git ls-files --stage -- src/components/PlantCard.js [7ms]
2025-08-16 09:31:15.331 [info] > git cat-file -s 216f95446d1656ada9d1e8400cccd1d08b94b7bf [3ms]
2025-08-16 09:31:15.368 [info] > git status -z -uall [206ms]
2025-08-16 09:31:15.405 [info] > git for-each-ref --format=%(refname)%00%(upstream:short)%00%(objectname)%00%(upstream:track)%00%(upstream:remotename)%00%(upstream:remoteref) refs/heads/main refs/remotes/main [12ms]
2025-08-16 09:31:15.420 [info] > git config --get --local branch.main.vscode-merge-base [8ms]
2025-08-16 09:31:15.420 [warning] [Git][config] git config failed: Failed to execute git
2025-08-16 09:31:15.427 [info] > git config --get commit.template [24ms]
2025-08-16 09:31:15.439 [info] > git reflog main --grep-reflog=branch: Created from *. [12ms]
2025-08-16 09:31:15.445 [info] > git for-each-ref --format=%(refname)%00%(upstream:short)%00%(objectname)%00%(upstream:track)%00%(upstream:remotename)%00%(upstream:remoteref) refs/heads/main refs/remotes/main [8ms]
2025-08-16 09:31:15.445 [info] > git symbolic-ref --short refs/remotes/origin/HEAD [1ms]
2025-08-16 09:31:15.445 [info] fatal: ref refs/remotes/origin/HEAD is not a symbolic ref
2025-08-16 09:31:15.445 [warning] [Repository][getDefaultBranch] Failed to get default branch details: Failed to execute git.
2025-08-16 09:31:15.472 [info] > git for-each-ref --sort -committerdate --format %(refname)%00%(objectname)%00%(*objectname) [5ms]
2025-08-16 09:31:15.472 [info] > git merge-base refs/heads/main refs/remotes/origin/main [21ms]
2025-08-16 09:31:15.487 [info] > git diff --name-status -z --diff-filter=ADMR 2fbe9395a4c58faabd19fc84c9fe708a77195bcb...refs/remotes/origin/main [2ms]
2025-08-16 09:31:15.551 [info] > git status -z -uall [92ms]
2025-08-16 09:31:15.622 [info] > git check-ignore -v -z --stdin [28ms]
2025-08-16 09:31:19.191 [info] > git config --get --local branch.main.github-pr-owner-number [14ms]
2025-08-16 09:31:19.191 [warning] [Git][config] git config failed: Failed to execute git
2025-08-16 09:37:45.252 [info] > git config --get commit.template [8ms]
2025-08-16 09:37:45.253 [info] > git for-each-ref --format=%(refname)%00%(upstream:short)%00%(objectname)%00%(upstream:track)%00%(upstream:remotename)%00%(upstream:remoteref) refs/heads/main refs/remotes/main [1ms]
2025-08-16 09:37:45.276 [info] > git for-each-ref --sort -committerdate --format %(refname)%00%(objectname)%00%(*objectname) [1ms]
2025-08-16 09:37:45.333 [info] > git status -z -uall [73ms]
2025-08-16 09:40:27.900 [info] > git config --get commit.template [6ms]
2025-08-16 09:40:27.900 [info] > git for-each-ref --format=%(refname)%00%(upstream:short)%00%(objectname)%00%(upstream:track)%00%(upstream:remotename)%00%(upstream:remoteref) refs/heads/main refs/remotes/main [1ms]
2025-08-16 09:40:27.916 [info] > git for-each-ref --sort -committerdate --format %(refname)%00%(objectname)%00%(*objectname) [1ms]
2025-08-16 09:40:27.956 [info] > git status -z -uall [51ms]
2025-08-16 09:40:27.998 [info] > git ls-files --stage -- src/components/PlantCard.js [3ms]
2025-08-16 09:40:28.005 [info] > git cat-file -s 216f95446d1656ada9d1e8400cccd1d08b94b7bf [1ms]
2025-08-16 09:40:28.015 [info] > git show --textconv :src/components/PlantCard.js [4ms]
2025-08-16 09:50:12.335 [info] > git config --get commit.template [2ms]
2025-08-16 09:50:12.349 [info] > git for-each-ref --format=%(refname)%00%(upstream:short)%00%(objectname)%00%(upstream:track)%00%(upstream:remotename)%00%(upstream:remoteref) refs/heads/main refs/remotes/main [1ms]
2025-08-16 09:50:12.388 [info] > git for-each-ref --sort -committerdate --format %(refname)%00%(objectname)%00%(*objectname) [2ms]
2025-08-16 09:50:12.443 [info] > git status -z -uall [78ms]
2025-08-16 09:50:17.461 [info] > git config --get commit.template [6ms]
2025-08-16 09:50:17.461 [info] > git for-each-ref --format=%(refname)%00%(upstream:short)%00%(objectname)%00%(upstream:track)%00%(upstream:remotename)%00%(upstream:remoteref) refs/heads/main refs/remotes/main [1ms]
2025-08-16 09:50:17.477 [info] > git for-each-ref --sort -committerdate --format %(refname)%00%(objectname)%00%(*objectname) [1ms]
2025-08-16 09:50:17.516 [info] > git status -z -uall [50ms]
2025-08-16 09:59:45.665 [info] > git config --get commit.template [6ms]
2025-08-16 09:59:45.665 [info] > git for-each-ref --format=%(refname)%00%(upstream:short)%00%(objectname)%00%(upstream:track)%00%(upstream:remotename)%00%(upstream:remoteref) refs/heads/main refs/remotes/main [1ms]
2025-08-16 09:59:45.681 [info] > git for-each-ref --sort -committerdate --format %(refname)%00%(objectname)%00%(*objectname) [2ms]
2025-08-16 09:59:45.696 [info] > git ls-files --stage -- src/components/PlantCard.js [5ms]
2025-08-16 09:59:45.704 [info] > git cat-file -s 216f95446d1656ada9d1e8400cccd1d08b94b7bf [1ms]
2025-08-16 09:59:45.715 [info] > git show --textconv :src/components/PlantCard.js [4ms]
2025-08-16 09:59:45.734 [info] > git status -z -uall [63ms]
2025-08-16 09:59:45.744 [info] > git merge-base refs/heads/main refs/remotes/origin/main [1ms]
2025-08-16 09:59:45.757 [info] > git diff --name-status -z --diff-filter=ADMR 1df3dd3bc8d10c0787f3489d7cfb3bdd60f92539...refs/remotes/origin/main [8ms]
2025-08-16 09:59:45.758 [info] > git config --get --local branch.main.github-pr-owner-number [1ms]
2025-08-16 09:59:45.759 [warning] [Git][config] git config failed: Failed to execute git
2025-08-16 10:25:12.924 [info] > git config --get commit.template [8ms]
2025-08-16 10:25:12.925 [info] > git for-each-ref --format=%(refname)%00%(upstream:short)%00%(objectname)%00%(upstream:track)%00%(upstream:remotename)%00%(upstream:remoteref) refs/heads/main refs/remotes/main [1ms]
2025-08-16 10:25:12.940 [info] > git for-each-ref --sort -committerdate --format %(refname)%00%(objectname)%00%(*objectname) [3ms]
2025-08-16 10:25:13.007 [info] > git status -z -uall [77ms]
2025-08-16 10:35:24.929 [info] > git check-ignore -v -z --stdin [4ms]
2025-08-16 10:35:55.459 [info] > git check-ignore -v -z --stdin [12ms]
2025-08-16 10:36:12.545 [info] > git config --get commit.template [11ms]
2025-08-16 10:36:12.546 [info] > git for-each-ref --format=%(refname)%00%(upstream:short)%00%(objectname)%00%(upstream:track)%00%(upstream:remotename)%00%(upstream:remoteref) refs/heads/main refs/remotes/main [2ms]
2025-08-16 10:36:12.570 [info] > git for-each-ref --sort -committerdate --format %(refname)%00%(objectname)%00%(*objectname) [2ms]
2025-08-16 10:36:12.658 [info] > git status -z -uall [101ms]
2025-08-16 10:37:37.444 [info] > git config --get commit.template [12ms]
2025-08-16 10:37:37.445 [info] > git for-each-ref --format=%(refname)%00%(upstream:short)%00%(objectname)%00%(upstream:track)%00%(upstream:remotename)%00%(upstream:remoteref) refs/heads/main refs/remotes/main [3ms]
2025-08-16 10:37:37.465 [info] > git for-each-ref --sort -committerdate --format %(refname)%00%(objectname)%00%(*objectname) [2ms]
2025-08-16 10:37:37.556 [info] > git status -z -uall [103ms]
2025-08-16 10:39:13.584 [info] > git config --get commit.template [7ms]
2025-08-16 10:39:13.584 [info] > git for-each-ref --format=%(refname)%00%(upstream:short)%00%(objectname)%00%(upstream:track)%00%(upstream:remotename)%00%(upstream:remoteref) refs/heads/main refs/remotes/main [1ms]
2025-08-16 10:39:13.602 [info] > git for-each-ref --sort -committerdate --format %(refname)%00%(objectname)%00%(*objectname) [3ms]
2025-08-16 10:39:13.662 [info] > git status -z -uall [72ms]
2025-08-16 10:39:18.676 [info] > git config --get commit.template [5ms]
2025-08-16 10:39:18.676 [info] > git for-each-ref --format=%(refname)%00%(upstream:short)%00%(objectname)%00%(upstream:track)%00%(upstream:remotename)%00%(upstream:remoteref) refs/heads/main refs/remotes/main [1ms]
2025-08-16 10:39:18.689 [info] > git for-each-ref --sort -committerdate --format %(refname)%00%(objectname)%00%(*objectname) [2ms]
2025-08-16 10:39:18.746 [info] > git status -z -uall [65ms]
2025-08-16 10:40:39.187 [info] > git config --get commit.template [13ms]
2025-08-16 10:40:39.191 [info] > git for-each-ref --format=%(refname)%00%(upstream:short)%00%(objectname)%00%(upstream:track)%00%(upstream:remotename)%00%(upstream:remoteref) refs/heads/main refs/remotes/main [5ms]
2025-08-16 10:40:39.221 [info] > git for-each-ref --sort -committerdate --format %(refname)%00%(objectname)%00%(*objectname) [2ms]
2025-08-16 10:40:39.321 [info] > git status -z -uall [113ms]
2025-08-16 11:07:37.102 [info] > git check-ignore -v -z --stdin [9ms]
2025-08-16 11:07:38.830 [info] > git config --get commit.template [9ms]
2025-08-16 11:07:38.830 [info] > git for-each-ref --format=%(refname)%00%(upstream:short)%00%(objectname)%00%(upstream:track)%00%(upstream:remotename)%00%(upstream:remoteref) refs/heads/main refs/remotes/main [1ms]
2025-08-16 11:07:38.853 [info] > git for-each-ref --sort -committerdate --format %(refname)%00%(objectname)%00%(*objectname) [3ms]
2025-08-16 11:07:38.926 [info] > git status -z -uall [86ms]
2025-08-16 11:08:48.702 [info] > git config --get commit.template [1ms]
2025-08-16 11:08:48.718 [info] > git for-each-ref --format=%(refname)%00%(upstream:short)%00%(objectname)%00%(upstream:track)%00%(upstream:remotename)%00%(upstream:remoteref) refs/heads/main refs/remotes/main [2ms]
2025-08-16 11:08:48.752 [info] > git for-each-ref --sort -committerdate --format %(refname)%00%(objectname)%00%(*objectname) [2ms]
2025-08-16 11:08:48.833 [info] > git status -z -uall [103ms]
2025-08-16 11:09:13.648 [info] > git config --get commit.template [7ms]
2025-08-16 11:09:13.649 [info] > git for-each-ref --format=%(refname)%00%(upstream:short)%00%(objectname)%00%(upstream:track)%00%(upstream:remotename)%00%(upstream:remoteref) refs/heads/main refs/remotes/main [1ms]
2025-08-16 11:09:13.670 [info] > git for-each-ref --sort -committerdate --format %(refname)%00%(objectname)%00%(*objectname) [3ms]
2025-08-16 11:09:13.727 [info] > git status -z -uall [70ms]
2025-08-16 11:20:46.857 [info] > git config --get commit.template [6ms]
2025-08-16 11:20:46.864 [info] > git for-each-ref --format=%(refname)%00%(upstream:short)%00%(objectname)%00%(upstream:track)%00%(upstream:remotename)%00%(upstream:remoteref) refs/heads/main refs/remotes/main [8ms]
2025-08-16 11:20:46.884 [info] > git ls-files --stage -- src/components/PlantCard.js [21ms]
2025-08-16 11:20:46.890 [info] > git for-each-ref --sort -committerdate --format %(refname)%00%(objectname)%00%(*objectname) [6ms]
2025-08-16 11:20:46.891 [info] > git cat-file -s 216f95446d1656ada9d1e8400cccd1d08b94b7bf [1ms]
2025-08-16 11:20:46.900 [info] > git show --textconv :src/components/PlantCard.js [4ms]
2025-08-16 11:20:46.926 [info] > git status -z -uall [56ms]
2025-08-16 11:20:46.938 [info] > git merge-base refs/heads/main refs/remotes/origin/main [1ms]
2025-08-16 11:20:46.945 [info] > git diff --name-status -z --diff-filter=ADMR f8c4ae1da9959026a58b30e72e98361dee35aa0a...refs/remotes/origin/main [1ms]
2025-08-16 11:20:46.953 [info] > git config --get --local branch.main.github-pr-owner-number [0ms]
2025-08-16 11:20:46.953 [warning] [Git][config] git config failed: Failed to execute git
