[Info  - 15:44:11] 2025/08/27 15:44:11 Created View (#1)
	directory=/home/codebash/dev/test_go
	view_type="GoMod"
	root_dir="file:///home/codebash/dev/test_go"
	go_version="go version go1.24.6 linux/amd64"
	build_flags=[]
	env={GOOS:linux GOARCH:amd64 GOCACHE:/home/codebash/.cache/go-build GOMODCACHE:/home/codebash/go/pkg/mod GOPATH:/home/codebash/go GOPRIVATE: GOFLAGS: GO111MODULE: GOTOOLCHAIN:auto GOROOT:/usr/lib/go GoVersion:24 GoVersionOutput:go version go1.24.6 linux/amd64
 ExplicitGOWORK: EffectiveGOPACKAGESDRIVER:}
	env_overlay=[]

[Info  - 15:44:12] 2025/08/27 15:44:12 go/packages.Load #1
	view_id="1"
	snapshot=0
	directory=/home/codebash/dev/test_go
	query=[/home/codebash/dev/test_go/... builtin]
	packages=2
	duration=986.468024ms

[Info  - 15:44:41] 2025/08/27 15:44:41 background imports cache refresh starting

[Info  - 15:44:41] 2025/08/27 15:44:41 background refresh finished after 45.438452ms

[Info  - 15:57:32] 2025/08/27 15:57:32 go/packages.Load #3
	view_id="1"
	snapshot=5
	directory=/home/codebash/dev/test_go
	query=[/home/codebash/dev/test_go/... builtin]
	packages=2
	duration=40.124921ms

[Info  - 15:58:25] 2025/08/27 15:58:25 go/packages.Load #5
	view_id="1"
	snapshot=8
	directory=/home/codebash/dev/test_go
	query=[file=/home/codebash/dev/test_go/main.go]
	packages=1
	duration=446.979893ms

[Error - 15:58:26] Request textDocument/inlayHint failed.
  Message: getting file for InlayHint: context canceled
  Code: 0 
[Info  - 15:59:51] 2025/08/27 15:59:51 go/packages.Load #6
	view_id="1"
	snapshot=9
	directory=/home/codebash/dev/test_go
	query=[/home/codebash/dev/test_go/... builtin]
	packages=2
	duration=170.677896ms

[Info  - 15:59:52] 2025/08/27 15:59:52 go/packages.Load #7
	view_id="1"
	snapshot=10
	directory=/home/codebash/dev/test_go
	query=[/home/codebash/dev/test_go/... builtin]
	packages=2
	duration=51.266785ms

[Info  - 16:00:27] 2025/08/27 16:00:27 Shutdown session
	shutdown_session=1

