2025-08-11 16:45:21.746 [info] [main] Log level: Info
2025-08-11 16:45:21.746 [info] [main] Validating found git in: "git"
2025-08-11 16:45:21.746 [info] [main] Using git "2.50.1" from "git"
2025-08-11 16:45:21.746 [info] [Model][doInitialScan] Initial repository scan started
2025-08-11 16:45:21.746 [info] > git rev-parse --show-toplevel [7ms]
2025-08-11 16:45:21.746 [info] > git rev-parse --git-dir --git-common-dir [4ms]
2025-08-11 16:45:21.746 [info] [Model][openRepository] Opened repository: /home/codebash/CascadeProjects/PlantApp
2025-08-11 16:45:21.746 [info] [Model][doInitialScan] Initial repository scan completed - repositories (1), closed repositories (0), parent repositories (0), unsafe repositories (0)
2025-08-11 16:45:21.755 [info] > git config --get commit.template [74ms]
2025-08-11 16:45:21.784 [info] > git show --textconv :src/screens/GroupDetailScreen.js [10ms]
2025-08-11 16:45:21.843 [info] > git hash-object -t tree /dev/null [50ms]
2025-08-11 16:45:21.843 [warning] [GitFileSystemProvider][readFile] File not found - git:/home/codebash/CascadeProjects/PlantApp/src/screens/GroupDetailScreen.js.git?%7B%22path%22%3A%22%2Fhome%2Fcodebash%2FCascadeProjects%2FPlantApp%2Fsrc%2Fscreens%2FGroupDetailScreen.js%22%2C%22ref%22%3A%22%22%7D
2025-08-11 16:45:21.844 [info] > git ls-files --stage -- src/screens/GroupDetailScreen.js [62ms]
2025-08-11 16:45:21.844 [warning] [GitFileSystemProvider][stat] File not found - git:/home/codebash/CascadeProjects/PlantApp/src/screens/GroupDetailScreen.js.git?%7B%22path%22%3A%22%2Fhome%2Fcodebash%2FCascadeProjects%2FPlantApp%2Fsrc%2Fscreens%2FGroupDetailScreen.js%22%2C%22ref%22%3A%22%22%7D
2025-08-11 16:45:21.846 [info] > git for-each-ref --format=%(refname)%00%(upstream:short)%00%(objectname)%00%(upstream:track)%00%(upstream:remotename)%00%(upstream:remoteref) refs/heads/main refs/remotes/main [10ms]
2025-08-11 16:45:21.870 [info] > git for-each-ref --sort -committerdate --format %(refname)%00%(objectname)%00%(*objectname) [3ms]
2025-08-11 16:45:21.941 [info] > git status -z -uall [87ms]
2025-08-11 16:45:21.987 [info] > git for-each-ref --format=%(refname)%00%(upstream:short)%00%(objectname)%00%(upstream:track)%00%(upstream:remotename)%00%(upstream:remoteref) refs/heads/main refs/remotes/main [23ms]
2025-08-11 16:45:22.003 [info] > git config --get --local branch.main.vscode-merge-base [9ms]
2025-08-11 16:45:22.003 [warning] [Git][config] git config failed: Failed to execute git
2025-08-11 16:45:22.009 [info] > git config --get commit.template [33ms]
2025-08-11 16:45:22.015 [info] > git reflog main --grep-reflog=branch: Created from *. [6ms]
2025-08-11 16:45:22.021 [info] > git for-each-ref --format=%(refname)%00%(upstream:short)%00%(objectname)%00%(upstream:track)%00%(upstream:remotename)%00%(upstream:remoteref) refs/heads/main refs/remotes/main [7ms]
2025-08-11 16:45:22.022 [info] > git symbolic-ref --short refs/remotes/origin/HEAD [1ms]
2025-08-11 16:45:22.022 [info] fatal: ref refs/remotes/origin/HEAD is not a symbolic ref
2025-08-11 16:45:22.022 [warning] [Repository][getDefaultBranch] Failed to get default branch details: Failed to execute git.
2025-08-11 16:45:22.055 [info] > git for-each-ref --sort -committerdate --format %(refname)%00%(objectname)%00%(*objectname) [8ms]
2025-08-11 16:45:22.056 [info] > git merge-base refs/heads/main refs/remotes/origin/main [28ms]
2025-08-11 16:45:22.067 [info] > git diff --name-status -z --diff-filter=ADMR 1b9eeec8ea2a5ea7c76bd3ee46bea70cfa83e80c...refs/remotes/origin/main [1ms]
2025-08-11 16:45:22.140 [info] > git status -z -uall [106ms]
2025-08-11 16:45:22.196 [info] > git check-ignore -v -z --stdin [18ms]
2025-08-11 16:52:33.971 [info] > git config --get commit.template [1ms]
2025-08-11 16:52:33.981 [info] > git for-each-ref --format=%(refname)%00%(upstream:short)%00%(objectname)%00%(upstream:track)%00%(upstream:remotename)%00%(upstream:remoteref) refs/heads/main refs/remotes/main [2ms]
2025-08-11 16:52:34.003 [info] > git for-each-ref --sort -committerdate --format %(refname)%00%(objectname)%00%(*objectname) [4ms]
2025-08-11 16:52:34.239 [info] > git status -z -uall [251ms]
2025-08-11 16:52:40.013 [info] > git config --get commit.template [7ms]
2025-08-11 16:52:40.013 [info] > git for-each-ref --format=%(refname)%00%(upstream:short)%00%(objectname)%00%(upstream:track)%00%(upstream:remotename)%00%(upstream:remoteref) refs/heads/main refs/remotes/main [1ms]
2025-08-11 16:52:40.026 [info] > git for-each-ref --sort -committerdate --format %(refname)%00%(objectname)%00%(*objectname) [1ms]
2025-08-11 16:52:40.246 [info] > git status -z -uall [228ms]
2025-08-11 17:00:04.449 [info] > git config --get commit.template [9ms]
2025-08-11 17:00:04.450 [info] > git for-each-ref --format=%(refname)%00%(upstream:short)%00%(objectname)%00%(upstream:track)%00%(upstream:remotename)%00%(upstream:remoteref) refs/heads/main refs/remotes/main [2ms]
2025-08-11 17:00:04.468 [info] > git for-each-ref --sort -committerdate --format %(refname)%00%(objectname)%00%(*objectname) [3ms]
2025-08-11 17:00:04.867 [info] > git status -z -uall [410ms]
2025-08-11 17:11:00.807 [info] > git config --get commit.template [11ms]
2025-08-11 17:11:00.808 [info] > git for-each-ref --format=%(refname)%00%(upstream:short)%00%(objectname)%00%(upstream:track)%00%(upstream:remotename)%00%(upstream:remoteref) refs/heads/main refs/remotes/main [2ms]
2025-08-11 17:11:00.838 [info] > git for-each-ref --sort -committerdate --format %(refname)%00%(objectname)%00%(*objectname) [3ms]
2025-08-11 17:11:01.213 [info] > git status -z -uall [396ms]
2025-08-11 17:33:32.485 [info] > git config --get commit.template [2ms]
2025-08-11 17:33:32.498 [info] > git for-each-ref --format=%(refname)%00%(upstream:short)%00%(objectname)%00%(upstream:track)%00%(upstream:remotename)%00%(upstream:remoteref) refs/heads/main refs/remotes/main [1ms]
2025-08-11 17:33:32.533 [info] > git for-each-ref --sort -committerdate --format %(refname)%00%(objectname)%00%(*objectname) [0ms]
2025-08-11 17:33:32.583 [info] > git status -z -uall [62ms]
2025-08-11 17:33:32.594 [info] > git merge-base refs/heads/main refs/remotes/origin/main [2ms]
2025-08-11 17:33:32.600 [info] > git diff --name-status -z --diff-filter=ADMR fa10f752df531e597054a1432c40308f816ddb92...refs/remotes/origin/main [1ms]
2025-08-11 17:33:32.898 [info] > git show --textconv :src/screens/GroupDetailScreen.js [5ms]
2025-08-11 17:33:32.901 [info] > git ls-files --stage -- src/screens/GroupDetailScreen.js [4ms]
2025-08-11 17:33:32.907 [info] > git cat-file -s 98de1ad1249769eb4e912fc06846ad9829290dff [1ms]
2025-08-11 17:33:37.603 [info] > git config --get commit.template [4ms]
2025-08-11 17:33:37.603 [info] > git for-each-ref --format=%(refname)%00%(upstream:short)%00%(objectname)%00%(upstream:track)%00%(upstream:remotename)%00%(upstream:remoteref) refs/heads/main refs/remotes/main [1ms]
2025-08-11 17:33:37.613 [info] > git for-each-ref --sort -committerdate --format %(refname)%00%(objectname)%00%(*objectname) [1ms]
2025-08-11 17:33:37.657 [info] > git status -z -uall [50ms]
2025-08-11 17:43:32.179 [info] > git config --get commit.template [11ms]
2025-08-11 17:43:32.179 [info] > git for-each-ref --format=%(refname)%00%(upstream:short)%00%(objectname)%00%(upstream:track)%00%(upstream:remotename)%00%(upstream:remoteref) refs/heads/main refs/remotes/main [2ms]
2025-08-11 17:43:32.203 [info] > git for-each-ref --sort -committerdate --format %(refname)%00%(objectname)%00%(*objectname) [3ms]
2025-08-11 17:43:32.298 [info] > git status -z -uall [108ms]
2025-08-11 18:13:08.411 [info] > git config --get commit.template [5ms]
2025-08-11 18:13:08.411 [info] > git for-each-ref --format=%(refname)%00%(upstream:short)%00%(objectname)%00%(upstream:track)%00%(upstream:remotename)%00%(upstream:remoteref) refs/heads/main refs/remotes/main [1ms]
2025-08-11 18:13:08.429 [info] > git for-each-ref --sort -committerdate --format %(refname)%00%(objectname)%00%(*objectname) [0ms]
2025-08-11 18:13:08.471 [info] > git status -z -uall [54ms]
2025-08-11 18:13:19.779 [info] > git config --get commit.template [10ms]
2025-08-11 18:13:19.780 [info] > git for-each-ref --format=%(refname)%00%(upstream:short)%00%(objectname)%00%(upstream:track)%00%(upstream:remotename)%00%(upstream:remoteref) refs/heads/main refs/remotes/main [2ms]
2025-08-11 18:13:19.813 [info] > git for-each-ref --sort -committerdate --format %(refname)%00%(objectname)%00%(*objectname) [3ms]
2025-08-11 18:13:19.860 [info] > git status -z -uall [70ms]
2025-08-11 18:13:36.282 [info] > git config --get commit.template [17ms]
2025-08-11 18:13:36.283 [info] > git for-each-ref --format=%(refname)%00%(upstream:short)%00%(objectname)%00%(upstream:track)%00%(upstream:remotename)%00%(upstream:remoteref) refs/heads/main refs/remotes/main [2ms]
2025-08-11 18:13:36.318 [info] > git for-each-ref --sort -committerdate --format %(refname)%00%(objectname)%00%(*objectname) [4ms]
2025-08-11 18:13:36.447 [info] > git status -z -uall [152ms]
2025-08-11 21:07:36.531 [info] > git blame --root --incremental fa10f752df531e597054a1432c40308f816ddb92 -- src/screens/GroupDetailScreen.js [8ms]
2025-08-11 21:07:45.845 [info] > git config --get commit.template [7ms]
2025-08-11 21:07:45.845 [info] > git for-each-ref --format=%(refname)%00%(upstream:short)%00%(objectname)%00%(upstream:track)%00%(upstream:remotename)%00%(upstream:remoteref) refs/heads/main refs/remotes/main [1ms]
2025-08-11 21:07:45.862 [info] > git for-each-ref --sort -committerdate --format %(refname)%00%(objectname)%00%(*objectname) [3ms]
2025-08-11 21:07:45.903 [info] > git status -z -uall [53ms]
2025-08-11 21:28:59.265 [info] > git config --get commit.template [1ms]
2025-08-11 21:28:59.270 [info] > git for-each-ref --format=%(refname)%00%(upstream:short)%00%(objectname)%00%(upstream:track)%00%(upstream:remotename)%00%(upstream:remoteref) refs/heads/main refs/remotes/main [1ms]
2025-08-11 21:28:59.283 [info] > git for-each-ref --sort -committerdate --format %(refname)%00%(objectname)%00%(*objectname) [1ms]
2025-08-11 21:28:59.329 [info] > git status -z -uall [53ms]
2025-08-11 21:29:04.344 [info] > git config --get commit.template [5ms]
2025-08-11 21:29:04.345 [info] > git for-each-ref --format=%(refname)%00%(upstream:short)%00%(objectname)%00%(upstream:track)%00%(upstream:remotename)%00%(upstream:remoteref) refs/heads/main refs/remotes/main [2ms]
2025-08-11 21:29:04.359 [info] > git for-each-ref --sort -committerdate --format %(refname)%00%(objectname)%00%(*objectname) [0ms]
2025-08-11 21:29:04.405 [info] > git status -z -uall [53ms]
