2025-08-14 07:58:14.372 [info] update#setState idle
2025-08-14 07:58:44.329 [info] update#setState checking for updates
2025-08-14 07:58:44.467 [info] update#setState idle
2025-08-14 08:58:44.334 [info] update#setState checking for updates
2025-08-14 08:58:44.741 [info] update#setState idle
2025-08-14 09:58:44.337 [info] update#setState checking for updates
2025-08-14 09:58:44.739 [info] update#setState idle
2025-08-14 10:58:44.338 [info] update#setState checking for updates
2025-08-14 10:58:44.740 [info] update#setState idle
2025-08-14 11:20:55.860 [info] Extension host with pid 10956 exited with code: 0, signal: unknown.
2025-08-14 11:20:55.941 [info] WindsurfWindowsMainManager: Window will load {"windowId":1,"workspaceUri":{"id":"6c39c5cad177378099bc57aabc1b31fd","uri":{"$mid":1,"fsPath":"/home/codebash/CascadeProjects/PlantApp","external":"file:///home/codebash/CascadeProjects/PlantApp","path":"/home/codebash/CascadeProjects/PlantApp","scheme":"file"}}}
2025-08-14 11:58:44.339 [info] update#setState checking for updates
2025-08-14 11:58:44.750 [info] update#setState idle
2025-08-14 12:58:44.343 [info] update#setState checking for updates
2025-08-14 12:58:44.754 [info] update#setState idle
2025-08-14 13:58:44.345 [info] update#setState checking for updates
2025-08-14 13:58:44.757 [info] update#setState idle
2025-08-14 14:58:44.347 [info] update#setState checking for updates
2025-08-14 14:58:44.755 [info] update#setState idle
2025-08-14 15:58:44.349 [info] update#setState checking for updates
2025-08-14 15:58:44.755 [info] update#setState idle
2025-08-14 16:58:44.351 [info] update#setState checking for updates
2025-08-14 16:58:44.771 [info] update#setState idle
2025-08-14 17:58:44.353 [info] update#setState checking for updates
2025-08-14 17:58:44.757 [info] update#setState idle
2025-08-14 18:58:44.353 [info] update#setState checking for updates
2025-08-14 18:58:44.758 [info] update#setState idle
2025-08-14 19:58:44.354 [info] update#setState checking for updates
2025-08-14 19:58:44.762 [info] update#setState idle
2025-08-14 20:58:44.356 [info] update#setState checking for updates
2025-08-14 20:58:44.762 [info] update#setState idle
2025-08-14 21:58:44.359 [info] update#setState checking for updates
2025-08-14 21:58:44.761 [info] update#setState available for download
2025-08-14 23:46:25.141 [info] WindsurfWindowsMainManager: Shutdown initiated, capturing current window group state
