2025-08-14 11:33:32.048 [info] Getting Manifest... ms-azuretools.vscode-docker
2025-08-14 11:33:32.745 [info] Installing extension: ms-azuretools.vscode-docker {"isMachineScoped":false,"installPreReleaseVersion":false,"pinned":false,"profileLocation":{"$mid":1,"external":"vscode-userdata:/home/codebash/.windsurf/extensions/extensions.json","path":"/home/codebash/.windsurf/extensions/extensions.json","scheme":"vscode-userdata"},"isApplicationScoped":false,"productVersion":{"version":"1.99.3","date":"2025-08-07T17:53:24.476Z"}}
2025-08-14 11:33:32.918 [info] Getting Manifest... ms-azuretools.vscode-containers
2025-08-14 11:33:33.390 [info] Installing extension: ms-azuretools.vscode-containers {"isMachineScoped":false,"installPreReleaseVersion":false,"pinned":false,"profileLocation":{"$mid":1,"external":"vscode-userdata:/home/codebash/.windsurf/extensions/extensions.json","path":"/home/codebash/.windsurf/extensions/extensions.json","scheme":"vscode-userdata"},"isApplicationScoped":false,"productVersion":{"version":"1.99.3","date":"2025-08-07T17:53:24.476Z"},"context":{"dependecyOrPackExtensionInstall":true}}
2025-08-14 11:33:33.722 [info] Extracted extension to file:///home/codebash/.windsurf/extensions/ms-azuretools.vscode-docker-2.0.0-universal: ms-azuretools.vscode-docker
2025-08-14 11:33:33.725 [info] Renamed to /home/codebash/.windsurf/extensions/ms-azuretools.vscode-docker-2.0.0-universal
2025-08-14 11:33:34.217 [info] Extracted extension to file:///home/codebash/.windsurf/extensions/ms-azuretools.vscode-containers-2.1.0-universal: ms-azuretools.vscode-containers
2025-08-14 11:33:34.223 [info] Renamed to /home/codebash/.windsurf/extensions/ms-azuretools.vscode-containers-2.1.0-universal
2025-08-14 11:33:34.234 [info] Extension installed successfully: ms-azuretools.vscode-docker vscode-userdata:/home/codebash/.windsurf/extensions/extensions.json
2025-08-14 11:33:34.235 [info] Extension installed successfully: ms-azuretools.vscode-containers vscode-userdata:/home/codebash/.windsurf/extensions/extensions.json
2025-08-14 11:33:40.146 [info] Uninstalling extension from the profile: ms-azuretools.vscode-docker@2.0.0 vscode-userdata:/home/codebash/.windsurf/extensions/extensions.json
2025-08-14 11:33:40.162 [info] Marked extension as removed ms-azuretools.vscode-docker-2.0.0-universal
2025-08-14 11:33:40.510 [info] Successfully uninstalled extension from the profile ms-azuretools.vscode-docker@2.0.0 vscode-userdata:/home/codebash/.windsurf/extensions/extensions.json
2025-08-14 11:34:18.286 [info] Getting Manifest... eamodio.gitlens
2025-08-14 11:34:18.554 [info] Installing extension: eamodio.gitlens {"isMachineScoped":false,"installPreReleaseVersion":false,"pinned":false,"profileLocation":{"$mid":1,"external":"vscode-userdata:/home/codebash/.windsurf/extensions/extensions.json","path":"/home/codebash/.windsurf/extensions/extensions.json","scheme":"vscode-userdata"},"isApplicationScoped":false,"productVersion":{"version":"1.99.3","date":"2025-08-07T17:53:24.476Z"}}
2025-08-14 11:34:19.295 [info] Extracted extension to file:///home/codebash/.windsurf/extensions/eamodio.gitlens-17.3.4-universal: eamodio.gitlens
2025-08-14 11:34:19.317 [info] Renamed to /home/codebash/.windsurf/extensions/eamodio.gitlens-17.3.4-universal
2025-08-14 11:34:19.350 [info] Extension installed successfully: eamodio.gitlens vscode-userdata:/home/codebash/.windsurf/extensions/extensions.json
2025-08-14 11:34:45.113 [info] Getting Manifest... esbenp.prettier-vscode
2025-08-14 11:34:45.317 [info] Installing extension: esbenp.prettier-vscode {"isMachineScoped":false,"installPreReleaseVersion":false,"pinned":false,"profileLocation":{"$mid":1,"external":"vscode-userdata:/home/codebash/.windsurf/extensions/extensions.json","path":"/home/codebash/.windsurf/extensions/extensions.json","scheme":"vscode-userdata"},"isApplicationScoped":false,"productVersion":{"version":"1.99.3","date":"2025-08-07T17:53:24.476Z"}}
2025-08-14 11:34:45.724 [info] Extracted extension to file:///home/codebash/.windsurf/extensions/esbenp.prettier-vscode-11.0.0-universal: esbenp.prettier-vscode
2025-08-14 11:34:45.727 [info] Renamed to /home/codebash/.windsurf/extensions/esbenp.prettier-vscode-11.0.0-universal
2025-08-14 11:34:45.743 [info] Extension installed successfully: esbenp.prettier-vscode vscode-userdata:/home/codebash/.windsurf/extensions/extensions.json
2025-08-14 11:34:53.661 [info] Getting Manifest... ms-azuretools.vscode-docker
2025-08-14 11:34:53.863 [info] Installing extension: ms-azuretools.vscode-docker {"isMachineScoped":false,"installPreReleaseVersion":false,"pinned":false,"profileLocation":{"$mid":1,"external":"vscode-userdata:/home/codebash/.windsurf/extensions/extensions.json","path":"/home/codebash/.windsurf/extensions/extensions.json","scheme":"vscode-userdata"},"isApplicationScoped":false,"productVersion":{"version":"1.99.3","date":"2025-08-07T17:53:24.476Z"}}
2025-08-14 11:34:54.038 [info] Getting Manifest... ms-azuretools.vscode-containers
2025-08-14 11:34:54.485 [info] Removed the extension from removed list: ms-azuretools.vscode-docker
2025-08-14 11:34:54.510 [info] Extension installed successfully: ms-azuretools.vscode-docker vscode-userdata:/home/codebash/.windsurf/extensions/extensions.json
2025-08-14 11:35:24.239 [info] Getting Manifest... bradlc.vscode-tailwindcss
2025-08-14 11:35:24.444 [info] Installing extension: bradlc.vscode-tailwindcss {"isMachineScoped":false,"installPreReleaseVersion":false,"pinned":false,"profileLocation":{"$mid":1,"external":"vscode-userdata:/home/codebash/.windsurf/extensions/extensions.json","path":"/home/codebash/.windsurf/extensions/extensions.json","scheme":"vscode-userdata"},"isApplicationScoped":false,"productVersion":{"version":"1.99.3","date":"2025-08-07T17:53:24.476Z"}}
2025-08-14 11:35:24.832 [info] Extracted extension to file:///home/codebash/.windsurf/extensions/bradlc.vscode-tailwindcss-0.14.26-universal: bradlc.vscode-tailwindcss
2025-08-14 11:35:24.834 [info] Renamed to /home/codebash/.windsurf/extensions/bradlc.vscode-tailwindcss-0.14.26-universal
2025-08-14 11:35:24.849 [info] Extension installed successfully: bradlc.vscode-tailwindcss vscode-userdata:/home/codebash/.windsurf/extensions/extensions.json
2025-08-14 11:35:56.698 [info] Getting Manifest... ritwickdey.liveserver
2025-08-14 11:35:56.908 [info] Installing extension: ritwickdey.liveserver {"isMachineScoped":false,"installPreReleaseVersion":false,"pinned":false,"profileLocation":{"$mid":1,"external":"vscode-userdata:/home/codebash/.windsurf/extensions/extensions.json","path":"/home/codebash/.windsurf/extensions/extensions.json","scheme":"vscode-userdata"},"isApplicationScoped":false,"productVersion":{"version":"1.99.3","date":"2025-08-07T17:53:24.476Z"}}
2025-08-14 11:35:58.492 [info] Extracted extension to file:///home/codebash/.windsurf/extensions/ritwickdey.liveserver-5.7.9-universal: ritwickdey.liveserver
2025-08-14 11:35:58.598 [info] Renamed to /home/codebash/.windsurf/extensions/ritwickdey.liveserver-5.7.9-universal
2025-08-14 11:35:58.615 [info] Extension installed successfully: ritwickdey.liveserver vscode-userdata:/home/codebash/.windsurf/extensions/extensions.json
2025-08-14 11:36:36.071 [info] Getting Manifest... github.vscode-pull-request-github
2025-08-14 11:36:36.294 [info] Installing extension: github.vscode-pull-request-github {"isMachineScoped":false,"installPreReleaseVersion":false,"pinned":false,"profileLocation":{"$mid":1,"external":"vscode-userdata:/home/codebash/.windsurf/extensions/extensions.json","path":"/home/codebash/.windsurf/extensions/extensions.json","scheme":"vscode-userdata"},"isApplicationScoped":false,"productVersion":{"version":"1.99.3","date":"2025-08-07T17:53:24.476Z"}}
2025-08-14 11:36:36.873 [info] Extracted extension to file:///home/codebash/.windsurf/extensions/github.vscode-pull-request-github-0.108.0-universal: github.vscode-pull-request-github
2025-08-14 11:36:36.877 [info] Renamed to /home/codebash/.windsurf/extensions/github.vscode-pull-request-github-0.108.0-universal
2025-08-14 11:36:36.906 [info] Extension installed successfully: github.vscode-pull-request-github vscode-userdata:/home/codebash/.windsurf/extensions/extensions.json
