2025-08-27 15:44:28.894 [info] Reading sessions from keychain...
2025-08-27 15:44:28.894 [info] Getting sessions for all scopes...
2025-08-27 15:44:28.894 [info] Got 0 sessions for ...
2025-08-27 15:44:28.894 [info] Getting sessions for all scopes...
2025-08-27 15:44:28.894 [info] Got 0 sessions for ...
2025-08-27 15:44:28.894 [info] Getting sessions for read:user,repo,user:email...
2025-08-27 15:44:28.894 [info] Got 0 sessions for read:user,repo,user:email...
2025-08-27 15:44:28.894 [info] Getting sessions for project,read:org,read:user,repo,user:email,workflow...
2025-08-27 15:44:28.894 [info] Got 0 sessions for project,read:org,read:user,repo,user:email,workflow...
2025-08-27 15:44:28.917 [info] Getting sessions for read:user,repo,user:email,workflow...
2025-08-27 15:44:28.917 [info] Got 0 sessions for read:user,repo,user:email,workflow...
2025-08-27 15:44:28.935 [info] Getting sessions for read:user,repo,user:email...
2025-08-27 15:44:28.935 [info] Got 0 sessions for read:user,repo,user:email...
2025-08-27 15:44:28.938 [info] Getting sessions for read:user,repo,user:email,workflow...
2025-08-27 15:44:28.938 [info] Got 0 sessions for read:user,repo,user:email,workflow...
2025-08-27 15:44:33.335 [info] Getting sessions for all scopes...
2025-08-27 15:44:33.335 [info] Got 0 sessions for ...
2025-08-27 15:44:35.334 [info] Getting sessions for all scopes...
2025-08-27 15:44:35.334 [info] Got 0 sessions for ...
2025-08-27 16:00:42.345 [info] Reading sessions from keychain...
2025-08-27 16:00:42.345 [info] Getting sessions for all scopes...
2025-08-27 16:00:42.345 [info] Got 0 sessions for ...
2025-08-27 16:00:42.345 [info] Getting sessions for all scopes...
2025-08-27 16:00:42.345 [info] Got 0 sessions for ...
2025-08-27 16:00:42.345 [info] Getting sessions for read:user,repo,user:email...
2025-08-27 16:00:42.345 [info] Got 0 sessions for read:user,repo,user:email...
2025-08-27 16:00:42.402 [info] Getting sessions for project,read:org,read:user,repo,user:email,workflow...
2025-08-27 16:00:42.402 [info] Got 0 sessions for project,read:org,read:user,repo,user:email,workflow...
2025-08-27 16:00:42.895 [info] Getting sessions for read:user,repo,user:email,workflow...
2025-08-27 16:00:42.895 [info] Got 0 sessions for read:user,repo,user:email,workflow...
2025-08-27 16:00:42.896 [info] Getting sessions for read:user,repo,user:email...
2025-08-27 16:00:42.896 [info] Got 0 sessions for read:user,repo,user:email...
2025-08-27 16:00:43.041 [info] Getting sessions for read:user,repo,user:email...
2025-08-27 16:00:43.041 [info] Got 0 sessions for read:user,repo,user:email...
2025-08-27 16:00:43.084 [info] Getting sessions for read:user,repo,user:email,workflow...
2025-08-27 16:00:43.084 [info] Got 0 sessions for read:user,repo,user:email,workflow...
